#
# A fatal error has been detected by the Java Runtime Environment:
#
#  SIGBUS (0x7) at pc=0xb38dbfc0, pid=6262, tid=2998360896
#
# JRE version: Java(TM) SE Runtime Environment (7.0_51-b13) (build 1.7.0_51-b13)
# Java VM: Java HotSpot(TM) Client VM (24.51-b03 mixed mode, sharing linux-x86 )
# Problematic frame:
# 
[error occurred during error reporting (printing problematic frame), id 0x7]

# Failed to write core dump. Core dumps have been disabled. To enable core dumping, try "ulimit -c unlimited" before starting Java again
#
# If you would like to submit a bug report, please visit:
#   http://bugreport.sun.com/bugreport/crash.jsp
# The crash happened outside the Java Virtual Machine in native code.
# See problematic frame for where to report the bug.
#

---------------  T H R E A D  ---------------

Current thread (0xb2a8b400):  JavaThread "LWJGL Application" [_thread_in_native, id=6280, stack(0xb2b25000,0xb2b76000)]

siginfo:si_signo=SIGBUS: si_errno=0, si_code=2 (BUS_ADRERR), si_addr=0xb38dbfc0

Registers:
EAX=0x8ec1d7e8, EBX=0x8ec1d7e8, ECX=0x8ec26430, EDX=0xb2a8b530
ESP=0xb2b74b2c, EBP=0xb2b74b58, ESI=0xb2b74b40, EDI=0xb2a8b400
EIP=0xb38dbfc0, EFLAGS=0x00210246, CR2=0xb38dbfc0

Top of Stack: (sp=0xb2b74b2c)
0xb2b74b2c:   b4aca91e b2a8b530 b2b74b40 00000000
0xb2b74b3c:   00000000 8412c128 8417fa90 84180710
0xb2b74b4c:   84254ec0 84254ec0 8427c938 b2b74bdc
0xb2b74b5c:   b4acab80 b2b74b7c 8ec44390 00000000
0xb2b74b6c:   8ec43258 00000000 b2b74b80 b2b74ba0
0xb2b74b7c:   b499a207 0000003d 7f01a220 00043dfc
0xb2b74b8c:   00000000 d5409a5e ffe05825 d5409a5e
0xb2b74b9c:   ffe05825 fff4fbbc ffffffff b2b74bdc 

Instructions: (pc=0xb38dbfc0)
0xb38dbfa0:   
[error occurred during error reporting (printing registers, top of stack, instructions near pc), id 0x7]

Register to memory mapping:

EAX=0x8ec1d7e8 is an oop
{method} 
 - klass: {other class}
EBX=0x8ec1d7e8 is an oop
{method} 
 - klass: {other class}
ECX=0x8ec26430 is an oop
{constant pool cache} 
 - klass: {other class}
                 -------------
  0  (0x8ec26440)  [b5|b4|    1]
                 [   0x8412c128]
                 [   0x00000078]
                 [   0x74000027]
                 -------------
  1  (0x8ec26450)  [00|00|    2]
                 [   0x00000000]
                 [   0x00000000]
                 [   0x00000000]
                 -------------
  2  (0x8ec26460)  [00|00|    3]
                 [   0x00000000]
                 [   0x00000000]
                 [   0x00000000]
                 -------------
  3  (0x8ec26470)  [00|b7|    4]
                 [   0x93540180]
                 [   0x00000000]
                 [   0x80000001]
                 -------------
  4  (0x8ec26480)  [00|b7|    6]
                 [   0x8ec27888]
                 [   0x00000000]
                 [   0x80400001]
                 -------------
  5  (0x8ec26490)  [b5|b4|    7]
                 [   0x8412c128]
                 [   0x0000005c]
                 [   0x7440001e]
                 -------------
  6  (0x8ec264a0)  [b5|b4|    8]
                 [   0x8412c128]
                 [   0x00000060]
                 [   0x7440001f]
                 -------------
  7  (0x8ec264b0)  [b5|b4|    9]
                 [   0x8412c128]
                 [   0x00000038]
                 [   0x34000020]
                 -------------
  8  (0x8ec264c0)  [b5|b4|   10]
                 [   0x8412c128]
                 [   0x00000054]
                 [   0x04000032]
                 -------------
  9  (0x8ec264d0)  [b5|b4|   11]
                 [   0x8412c128]
                 [   0x00000030]
                 [   0x4400003f]
                 -------------
 10  (0x8ec264e0)  [00|b7|   13]
                 [   0x8ec29aa8]
                 [   0x00000000]
                 [   0x80000002]
                 -------------
 11  (0x8ec264f0)  [b5|b4|   14]
                 [   0x8412c128]
                 [   0x0000008c]
                 [   0x74400043]
                 -------------
 12  (0x8ec26500)  [00|b8|   15]
                 [   0x8ec1d7e8]
                 [   0x00000000]
                 [   0x80400000]
                 -------------
 13  (0x8ec26510)  [00|b8|   16]
                 [   0x8ec1da68]
                 [   0x00000000]
                 [   0x80400000]
                 -------------
 14  (0x8ec26520)  [00|b8|   17]
                 [   0x8ec1d510]
                 [   0x00000000]
                 [   0x00400000]
                 -------------
 15  (0x8ec26530)  [00|b8|   18]
                 [   0x8ec1e138]
                 [   0x00000000]
                 [   0x40400000]
                 -------------
 16  (0x8ec26540)  [00|b8|   19]
                 [   0x8ec1e1b8]
                 [   0x00000000]
                 [   0x30400000]
                 -------------
 17  (0x8ec26550)  [00|b8|   20]
                 [   0x8ec1d188]
                 [   0x00000000]
                 [   0x70400003]
                 -------------
 18  (0x8ec26560)  [00|b8|   21]
                 [   0x8ec1ded0]
                 [   0x00000000]
                 [   0x80400000]
                 -------------
 19  (0x8ec26570)  [00|b8|   22]
                 [   0x8ec1d920]
                 [   0x00000000]
                 [   0x80400000]
                 -------------
 20  (0x8ec26580)  [00|b8|   23]
                 [   0x8ec1d380]
                 [   0x00000000]
                 [   0x00400000]
                 -------------
 21  (0x8ec26590)  [00|b8|   25]
                 [   0x8eb9c648]
                 [   0x00000000]
                 [   0x80000001]
                 -------------
 22  (0x8ec265a0)  [00|b8|   29]
                 [   0x8ec11d70]
                 [   0x00000000]
                 [   0x00400001]
                 -------------
 23  (0x8ec265b0)  [00|b8|   30]
                 [   0x8ec1d3f8]
                 [   0x00000000]
                 [   0x00400002]
                 -------------
 24  (0x8ec265c0)  [00|00|   33]
                 [   0x00000000]
                 [   0x00000000]
                 [   0x00000000]
                 -------------
 25  (0x8ec265d0)  [00|00|   35]
                 [   0x00000000]
                 [   0x00000000]
                 [   0x00000000]
                 -------------
 26  (0x8ec265e0)  [00|00|   36]
                 [   0x00000000]
                 [   0x00000000]
                 [   0x00000000]
                 -------------
 27  (0x8ec265f0)  [00|00|   37]
                 [   0x00000000]
                 [   0x00000000]
                 [   0x00000000]
                 -------------
 28  (0x8ec26600)  [00|b8|   38]
                 [   0x8ec1d588]
                 [   0x00000000]
                 [   0x00400002]
                 -------------
 29  (0x8ec26610)  [00|00|   41]
                 [   0x00000000]
                 [   0x00000000]
                 [   0x00000000]
                 -------------
 30  (0x8ec26620)  [00|b8|   43]
                 [   0x8ec1d860]
                 [   0x00000000]
                 [   0x80400000]
                 -------------
 31  (0x8ec26630)  [00|b8|   45]
                 [   0x8ec1d998]
                 [   0x00000000]
                 [   0x80400000]
                 -------------
 32  (0x8ec26640)  [b3|b2|   47]
                 [   0x8412c128]
                 [   0x000000f0]
                 [   0x3400001d]
                 -------------
 33  (0x8ec26650)  [00|b8|   48]
                 [   0x8ec30548]
                 [   0x00000000]
                 [   0x80400000]
                 -------------
 34  (0x8ec26660)  [00|00|   49]
                 [   0x00000000]
                 [   0x00000000]
                 [   0x00000000]
                 -------------
 35  (0x8ec26670)  [00|b8|   51]
                 [   0x8ec1db60]
                 [   0x00000000]
                 [   0x40400000]
                 -------------
 36  (0x8ec26680)  [b3|b2|   52]
                 [   0x8412c128]
                 [   0x00000080]
                 [   0x4400001c]
                 -------------
 37  (0x8ec26690)  [00|b8|   53]
                 [   0x8ec1df48]
                 [   0x00000000]
                 [   0x40400000]
                 -------------
 38  (0x8ec266a0)  [b3|b2|   54]
                 [   0x8412c128]
                 [   0x00000070]
                 [   0x4400001a]
                 -------------
 39  (0x8ec266b0)  [b3|b2|   55]
                 [   0x8412c128]
                 [   0x000000f4]
                 [   0x0400003b]
                 -------------
 40  (0x8ec266c0)  [00|00|   58]
                 [   0x00000000]
                 [   0x00000000]
                 [   0x00000000]
                 -------------
 41  (0x8ec266d0)  [00|00|   60]
                 [   0x00000000]
                 [   0x00000000]
                 [   0x00000000]
                 -------------
 42  (0x8ec266e0)  [00|00|   62]
                 [   0x00000000]
                 [   0x00000000]
                 [   0x00000000]
                 -------------
 43  (0x8ec266f0)  [00|00|   66]
                 [   0x00000000]
                 [   0x00000000]
                 [   0x00000000]
                 -------------
 44  (0x8ec26700)  [00|00|   67]
                 [   0x00000000]
                 [   0x00000000]
                 [   0x00000000]
                 -------------
 45  (0x8ec26710)  [00|00|   68]
                 [   0x00000000]
                 [   0x00000000]
                 [   0x00000000]
                 -------------
 46  (0x8ec26720)  [00|00|   73]
                 [   0x00000000]
                 [   0x00000000]
                 [   0x00000000]
                 -------------
 47  (0x8ec26730)  [00|00|   74]
                 [   0x00000000]
                 [   0x00000000]
                 [   0x00000000]
                 -------------
 48  (0x8ec26740)  [00|b8|   75]
                 [   0x8ec1e230]
                 [   0x00000000]
                 [   0x30400002]
                 -------------
 49  (0x8ec26750)  [b3|b2|   76]
                 [   0x8412c128]
                 [   0x00000078]
                 [   0x4400001b]
                 -------------
 50  (0x8ec26760)  [b5|b4|   77]
                 [   0x8412c128]
                 [   0x0000004c]
                 [   0x04000028]
                 -------------
 51  (0x8ec26770)  [00|00|   78]
                 [   0x00000000]
                 [   0x00000000]
                 [   0x00000000]
                 -------------
 52  (0x8ec26780)  [00|b8|   79]
                 [   0x8ec1e2b8]
                 [   0x00000000]
                 [   0x40400000]
                 -------------
 53  (0x8ec26790)  [00|00|   80]
                 [   0x00000000]
                 [   0x00000000]
                 [   0x00000000]
                 -------------
 54  (0x8ec267a0)  [b5|b4|   81]
                 [   0x8412c128]
                 [   0x0000004d]
                 [   0x04000029]
                 -------------
 55  (0x8ec267b0)  [00|00|   82]
                 [   0x00000000]
                 [   0x00000000]
                 [   0x00000000]
                 -------------
 56  (0x8ec267c0)  [00|b8|   83]
                 [   0x8ec1eba8]
                 [   0x00000000]
                 [   0x00400000]
                 -------------
 57  (0x8ec267d0)  [00|00|   84]
                 [   0x00000000]
                 [   0x00000000]
                 [   0x00000000]
                 -------------
 58  (0x8ec267e0)  [00|00|   85]
                 [   0x00000000]
                 [   0x00000000]
                 [   0x00000000]
                 -------------
 59  (0x8ec267f0)  [b3|b2|   86]
                 [   0x8412c128]
                 [   0x000000e0]
                 [   0x34000016]
                 -------------
 60  (0x8ec26800)  [b5|b4|   87]
                 [   0x8412c128]
                 [   0x0000004e]
                 [   0x0400002a]
                 -------------
 61  (0x8ec26810)  [b5|b4|   88]
                 [   0x8412c128]
                 [   0x0000004f]
                 [   0x0400002b]
                 -------------
 62  (0x8ec26820)  [b5|b4|   89]
                 [   0x8412c128]
                 [   0x00000084]
                 [   0x74000041]
                 -------------
 63  (0x8ec26830)  [00|b8|   90]
                 [   0x8ec1e888]
                 [   0x00000000]
                 [   0x00400000]
                 -------------
 64  (0x8ec26840)  [00|b7|   91]
                 [   0x8ec1e930]
                 [   0x00000000]
                 [   0x00400001]
                 -------------
 65  (0x8ec26850)  [00|00|   92]
                 [   0x00000000]
                 [   0x00000000]
                 [   0x00000000]
                 -------------
 66  (0x8ec26860)  [00|b7|   93]
                 [   0x8ec1e778]
                 [   0x00000000]
                 [   0x80400001]
                 -------------
 67  (0x8ec26870)  [00|b7|   94]
                 [   0x8ec1eaa0]
                 [   0x00000000]
                 [   0x80400001]
                 -------------
 68  (0x8ec26880)  [b5|b4|   95]
                 [   0x8412c128]
                 [   0x00000018]
                 [   0x44000031]
                 -------------
 69  (0x8ec26890)  [b5|b4|   96]
                 [   0x8412c128]
                 [   0x00000010]
                 [   0x44000030]
                 -------------
 70  (0x8ec268a0)  [00|b8|   97]
                 [   0x8ec1eb18]
                 [   0x00000000]
                 [   0x80400006]
                 -------------
 71  (0x8ec268b0)  [00|00|   98]
                 [   0x00000000]
                 [   0x00000000]
                 [   0x00000000]
                 -------------
 72  (0x8ec268c0)  [00|b7|   99]
                 [   0x8ec1e358]
                 [   0x00000000]
                 [   0x80400001]
                 -------------
 73  (0x8ec268d0)  [00|00|  102]
                 [   0x00000000]
                 [   0x00000000]
                 [   0x00000000]
                 -------------
 74  (0x8ec268e0)  [b5|b4|  103]
                 [   0x8412c128]
                 [   0x00000064]
                 [   0x74000022]
                 -------------
 75  (0x8ec268f0)  [b6|00|  104]
                 [   0x00000000]
                 [   0x8ec24c98]
                 [   0x70500001]
                 -------------
 76  (0x8ec26900)  [00|b8|  105]
                 [   0x8ec106e0]
                 [   0x00000000]
                 [   0x00400000]
                 -------------
 77  (0x8ec26910)  [00|b7|  106]
                 [   0x8ec1e090]
                 [   0x00000000]
                 [   0x30400002]
                 -------------
 78  (0x8ec26920)  [00|00|  107]
                 [   0x00000000]
                 [   0x00000000]
                 [   0x00000000]
                 -------------
 79  (0x8ec26930)  [b5|b4|  110]
                 [   0x8412c128]
                 [   0x0000007c]
                 [   0x74000039]
                 -------------
 80  (0x8ec26940)  [00|00|  111]
                 [   0x00000000]
                 [   0x00000000]
                 [   0x00000000]
                 -------------
 81  (0x8ec26950)  [00|b8|  112]
                 [   0x8ec1f028]
                 [   0x00000000]
                 [   0x40400003]
                 -------------
 82  (0x8ec26960)  [b5|b4|  113]
                 [   0x8412c128]
                 [   0x00000020]
                 [   0x4400003a]
                 -------------
 83  (0x8ec26970)  [00|b8|  114]
                 [   0x8ec127c0]
                 [   0x00000000]
                 [   0x00400000]
                 -------------
 84  (0x8ec26980)  [b5|b4|  115]
                 [   0x8412c128]
                 [   0x00000055]
                 [   0x04000033]
                 -------------
 85  (0x8ec26990)  [b5|b4|  116]
                 [   0x8412c128]
                 [   0x00000056]
                 [   0x04000034]
                 -------------
 86  (0x8ec269a0)  [b5|b4|  117]
                 [   0x8412c128]
                 [   0x0000003c]
                 [   0x34000035]
                 -------------
 87  (0x8ec269b0)  [b5|b4|  118]
                 [   0x8412c128]
                 [   0x00000040]
                 [   0x34000036]
                 -------------
 88  (0x8ec269c0)  [b6|00|  119]
                 [   0x00000000]
                 [   0x8ec316e0]
                 [   0x30500001]
                 -------------
 89  (0x8ec269d0)  [b5|b4|  120]
                 [   0x8412c128]
                 [   0x00000044]
                 [   0x34000037]
                 -------------
 90  (0x8ec269e0)  [b6|00|  121]
                 [   0x00000000]
                 [   0x8ec31770]
                 [   0x30500001]
                 -------------
 91  (0x8ec269f0)  [b5|b4|  122]
                 [   0x8412c128]
                 [   0x00000048]
                 [   0x34000038]
                 -------------
 92  (0x8ec26a00)  [00|b8|  123]
                 [   0x8ec1efa8]
                 [   0x00000000]
                 [   0x4040000c]
                 -------------
 93  (0x8ec26a10)  [00|b8|  125]
                 [   0x8ec11e08]
                 [   0x00000000]
                 [   0x70400001]
                 -------------
 94  (0x8ec26a20)  [b5|b4|  126]
                 [   0x8412c128]
                 [   0x00000088]
                 [   0x74000042]
                 -------------
 95  (0x8ec26a30)  [00|b8|  127]
                 [   0x8ec101c0]
                 [   0x00000000]
                 [   0x70400000]
                 -------------
 96  (0x8ec26a40)  [00|b7|  128]
                 [   0x8ec20b40]
                 [   0x00000000]
                 [   0x80400003]
                 -------------
 97  (0x8ec26a50)  [00|b8|  129]
                 [   0x8ec1f228]
                 [   0x00000000]
                 [   0x80400004]
                 -------------
 98  (0x8ec26a60)  [00|00|  130]
                 [   0x00000000]
                 [   0x00000000]
                 [   0x00000000]
                 -------------
 99  (0x8ec26a70)  [00|b8|  131]
                 [   0x8ec22ec0]
                 [   0x00000000]
                 [   0x40400000]
                 -------------
100  (0x8ec26a80)  [b5|b4|  132]
                 [   0x8412c128]
                 [   0x00000050]
                 [   0x0400002c]
                 -------------
101  (0x8ec26a90)  [b5|b4|  133]
                 [   0x8412c128]
                 [   0x00000053]
                 [   0x0400002f]
                 -------------
102  (0x8ec26aa0)  [b5|b4|  134]
                 [   0x8412c128]
                 [   0x00000051]
                 [   0x0400002d]
                 -------------
103  (0x8ec26ab0)  [b5|b4|  135]
                 [   0x8412c128]
                 [   0x00000052]
                 [   0x0400002e]
                 -------------
104  (0x8ec26ac0)  [00|00|  136]
                 [   0x00000000]
                 [   0x00000000]
                 [   0x00000000]
                 -------------
105  (0x8ec26ad0)  [00|00|  138]
                 [   0x00000000]
                 [   0x00000000]
                 [   0x00000000]
                 -------------
106  (0x8ec26ae0)  [00|00|  139]
                 [   0x00000000]
                 [   0x00000000]
                 [   0x00000000]
                 -------------
107  (0x8ec26af0)  [00|00|  140]
                 [   0x00000000]
                 [   0x00000000]
                 [   0x00000000]
                 -------------
108  (0x8ec26b00)  [b6|00|  141]
                 [   0x00000000]
                 [   0x8ec24a98]
                 [   0x80500001]
                 -------------
109  (0x8ec26b10)  [00|b8|  143]
                 [   0x8ec1fd38]
                 [   0x00000000]
                 [   0x40400002]
                 -------------
110  (0x8ec26b20)  [00|00|  144]
                 [   0x00000000]
                 [   0x00000000]
                 [   0x00000000]
                 -------------
111  (0x8ec26b30)  [00|00|  145]
                 [   0x00000000]
                 [   0x00000000]
                 [   0x00000000]
                 -------------
112  (0x8ec26b40)  [00|00|  146]
                 [   0x00000000]
                 [   0x00000000]
                 [   0x00000000]
                 -------------
113  (0x8ec26b50)  [00|00|  147]
                 [   0x00000000]
                 [   0x00000000]
                 [   0x00000000]
                 -------------
114  (0x8ec26b60)  [00|00|  149]
                 [   0x00000000]
                 [   0x00000000]
                 [   0x00000000]
                 -------------
115  (0x8ec26b70)  [00|00|  150]
                 [   0x00000000]
                 [   0x00000000]
                 [   0x00000000]
                 -------------
116  (0x8ec26b80)  [00|00|  151]
                 [   0x00000000]
                 [   0x00000000]
                 [   0x00000000]
                 -------------
117  (0x8ec26b90)  [00|b7|  152]
                 [   0x8ec1e9d8]
                 [   0x00000000]
                 [   0x80400001]
                 -------------
118  (0x8ec26ba0)  [00|b7|  153]
                 [   0x8ec1ec48]
                 [   0x00000000]
                 [   0x80400001]
                 -------------
119  (0x8ec26bb0)  [00|00|  154]
                 [   0x00000000]
                 [   0x00000000]
                 [   0x00000000]
                 -------------
120  (0x8ec26bc0)  [00|00|  155]
                 [   0x00000000]
                 [   0x00000000]
                 [   0x00000000]
                 -------------
121  (0x8ec26bd0)  [00|00|  157]
                 [   0x00000000]
                 [   0x00000000]
                 [   0x00000000]
                 -------------
122  (0x8ec26be0)  [00|00|  158]
                 [   0x00000000]
                 [   0x00000000]
                 [   0x00000000]
                 -------------
123  (0x8ec26bf0)  [00|00|  159]
                 [   0x00000000]
                 [   0x00000000]
                 [   0x00000000]
                 -------------
124  (0x8ec26c00)  [00|00|  160]
                 [   0x00000000]
                 [   0x00000000]
                 [   0x00000000]
                 -------------
125  (0x8ec26c10)  [b5|b4|  161]
                 [   0x8412c128]
                 [   0x00000074]
                 [   0x74000026]
                 -------------
126  (0x8ec26c20)  [00|00|  162]
                 [   0x00000000]
                 [   0x00000000]
                 [   0x00000000]
                 -------------
127  (0x8ec26c30)  [00|b8|  163]
                 [   0x8ec1fdb0]
                 [   0x00000000]
                 [   0x40400004]
                 -------------
128  (0x8ec26c40)  [00|00|  165]
                 [   0x00000000]
                 [   0x00000000]
                 [   0x00000000]
                 -------------
129  (0x8ec26c50)  [00|b8|  166]
                 [   0x93583480]
                 [   0x00000000]
                 [   0x70400001]
                 -------------
130  (0x8ec26c60)  [b5|b4|  167]
                 [   0x8412c128]
                 [   0x00000070]
                 [   0x74000025]
                 -------------
131  (0x8ec26c70)  [00|00|  168]
                 [   0x00000000]
                 [   0x00000000]
                 [   0x00000000]
                 -------------
132  (0x8ec26c80)  [b5|b4|  169]
                 [   0x8412c128]
                 [   0x00000068]
                 [   0x74000023]
                 -------------
133  (0x8ec26c90)  [00|00|  170]
                 [   0x00000000]
                 [   0x00000000]
                 [   0x00000000]
                 -------------
134  (0x8ec26ca0)  [00|00|  172]
                 [   0x00000000]
                 [   0x00000000]
                 [   0x00000000]
                 -------------
135  (0x8ec26cb0)  [00|00|  176]
                 [   0x00000000]
                 [   0x00000000]
                 [   0x00000000]
                 -------------
136  (0x8ec26cc0)  [00|00|  177]
                 [   0x00000000]
                 [   0x00000000]
                 [   0x00000000]
                 -------------
137  (0x8ec26cd0)  [b5|b4|  178]
                 [   0x8412c128]
                 [   0x0000006c]
                 [   0x74000024]
                 -------------
138  (0x8ec26ce0)  [00|00|  179]
                 [   0x00000000]
                 [   0x00000000]
                 [   0x00000000]
                 -------------
139  (0x8ec26cf0)  [00|00|  180]
                 [   0x00000000]
                 [   0x00000000]
                 [   0x00000000]
                 -------------
140  (0x8ec26d00)  [00|00|  181]
                 [   0x00000000]
                 [   0x00000000]
                 [   0x00000000]
                 -------------
141  (0x8ec26d10)  [00|00|  182]
                 [   0x00000000]
                 [   0x00000000]
                 [   0x00000000]
                 -------------
142  (0x8ec26d20)  [00|b8|  183]
                 [   0x8ec2a370]
                 [   0x00000000]
                 [   0x80400000]
                 -------------
143  (0x8ec26d30)  [b5|b4|  185]
                 [   0x8412c128]
                 [   0x00000008]
                 [   0x44000021]
                 -------------
144  (0x8ec26d40)  [00|b8|  186]
                 [   0x8ec1d268]
                 [   0x00000000]
                 [   0x30400000]
                 -------------
145  (0x8ec26d50)  [b6|00|  188]
                 [   0x00000000]
                 [   0x8ec216a8]
                 [   0x70500001]
                 -------------
146  (0x8ec26d60)  [00|b7|  191]
                 [   0x8ec32028]
                 [   0x00000000]
                 [   0x80000002]
                 -------------
147  (0x8ec26d70)  [00|b8|  193]
                 [   0x8ec20840]
                 [   0x00000000]
                 [   0x70400000]
                 -------------
148  (0x8ec26d80)  [00|b8|  195]
                 [   0x8ec1d110]
                 [   0x00000000]
                 [   0x70400000]
                 -------------
149  (0x8ec26d90)  [00|b8|  196]
                 [   0x8ec208b8]
                 [   0x00000000]
                 [   0x70400003]
                 -------------
150  (0x8ec26da0)  [00|b8|  197]
                 [   0x8ebcae28]
                 [   0x00000000]
                 [   0x70400001]
                 -------------
151  (0x8ec26db0)  [00|b8|  198]
                 [   0x8ebc9a18]
                 [   0x00000000]
                 [   0x40400001]
                 -------------
152  (0x8ec26dc0)  [b6|00|  199]
                 [   0x00000000]
                 [   0x93571138]
                 [   0x30500001]
                 -------------
153  (0x8ec26dd0)  [00|b8|  200]
                 [   0x8ec20a30]
                 [   0x00000000]
                 [   0x80400007]
                 -------------
154  (0x8ec26de0)  [00|b8|  201]
                 [   0x8ec12100]
                 [   0x00000000]
                 [   0x00400000]
                 -------------
155  (0x8ec26df0)  [00|b8|  202]
                 [   0x8ec20bb8]
                 [   0x00000000]
                 [   0x80400008]
                 -------------
156  (0x8ec26e00)  [00|b7|  203]
                 [   0x8ec25f98]
                 [   0x00000000]
                 [   0x80400002]
                 -------------
157  (0x8ec26e10)  [00|00|  204]
                 [   0x00000000]
                 [   0x00000000]
                 [   0x00000000]
                 -------------
158  (0x8ec26e20)  [00|00|  205]
                 [   0x00000000]
                 [   0x00000000]
                 [   0x00000000]
                 -------------
159  (0x8ec26e30)  [00|00|  206]
                 [   0x00000000]
                 [   0x00000000]
                 [   0x00000000]
                 -------------
160  (0x8ec26e40)  [b6|00|  207]
                 [   0x00000000]
                 [   0x8ec27e80]
                 [   0x30500001]
                 -------------
161  (0x8ec26e50)  [00|00|  208]
                 [   0x00000000]
                 [   0x00000000]
                 [   0x00000000]
                 -------------
162  (0x8ec26e60)  [00|b8|  209]
                 [   0x8ec27a60]
                 [   0x00000000]
                 [   0x30400002]
                 -------------
163  (0x8ec26e70)  [b6|00|  210]
                 [   0x00000000]
                 [   0x8ec27d70]
                 [   0x80500003]
                 -------------
164  (0x8ec26e80)  [b6|00|  211]
                 [   0x00000000]
                 [   0x8ec27f90]
                 [   0x40500001]
                 -------------
165  (0x8ec26e90)  [00|b7|  212]
                 [   0x8ec210d8]
                 [   0x00000000]
                 [   0x80400002]
                 -------------
166  (0x8ec26ea0)  [b6|00|  213]
                 [   0x00000000]
                 [   0x8ec27c50]
                 [   0x00500003]
                 -------------
167  (0x8ec26eb0)  [00|b7|  214]
                 [   0x8ec22510]
                 [   0x00000000]
                 [   0x00400001]
                 -------------
168  (0x8ec26ec0)  [b6|00|  215]
                 [   0x00000000]
                 [   0x8ec3ea00]
                 [   0x00500004]
                 -------------
169  (0x8ec26ed0)  [b5|b4|  216]
                 [   0x8412c128]
                 [   0x00000080]
                 [   0x74000040]
                 -------------
170  (0x8ec26ee0)  [b6|00|  217]
                 [   0x00000000]
                 [   0x8ec41d38]
                 [   0x00500002]
                 -------------
171  (0x8ec26ef0)  [b6|00|  218]
                 [   0x00000000]
                 [   0x8ec282d0]
                 [   0x30500001]
                 -------------
172  (0x8ec26f00)  [00|b7|  219]
                 [   0x8ec220f0]
                 [   0x00000000]
                 [   0x80400003]
                 -------------
173  (0x8ec26f10)  [00|00|  220]
                 [   0x00000000]
                 [   0x00000000]
                 [   0x00000000]
                 -------------
174  (0x8ec26f20)  [00|00|  221]
                 [   0x00000000]
                 [   0x00000000]
                 [   0x00000000]
                 -------------
175  (0x8ec26f30)  [00|b8|  222]
                 [   0x8ec1f4a8]
                 [   0x00000000]
                 [   0x30400004]
                 -------------
176  (0x8ec26f40)  [00|b8|  223]
                 [   0x8ec1f528]
                 [   0x00000000]
                 [   0x30400004]
                 -------------
177  (0x8ec26f50)  [00|b8|  224]
                 [   0x8ec1f5a8]
                 [   0x00000000]
                 [   0x30400004]
                 -------------
178  (0x8ec26f60)  [00|b8|  225]
                 [   0x8ec1f628]
                 [   0x00000000]
                 [   0x30400004]
                 -------------
179  (0x8ec26f70)  [00|b7|  226]
                 [   0x8ec21388]
                 [   0x00000000]
                 [   0x80400001]
                 -------------
180  (0x8ec26f80)  [00|b7|  227]
                 [   0x8ec21d58]
                 [   0x00000000]
                 [   0x80400001]
                 -------------
181  (0x8ec26f90)  [00|00|  228]
                 [   0x00000000]
                 [   0x00000000]
                 [   0x00000000]
                 -------------
182  (0x8ec26fa0)  [00|b8|  229]
                 [   0x8ec21720]
                 [   0x00000000]
                 [   0x70400004]
                 -------------
183  (0x8ec26fb0)  [b6|00|  230]
                 [   0x00000000]
                 [   0x8ec3ddf8]
                 [   0x30500001]
                 -------------
184  (0x8ec26fc0)  [00|b7|  232]
                 [   0x8ec3d370]
                 [   0x00000000]
                 [   0x80400007]
                 -------------
185  (0x8ec26fd0)  [00|b7|  233]
                 [   0x8ec1f8a0]
                 [   0x00000000]
                 [   0x80400001]
                 -------------
186  (0x8ec26fe0)  [b6|00|  234]
                 [   0x00000000]
                 [   0x8ec3d6a0]
                 [   0x80500004]
                 -------------
187  (0x8ec26ff0)  [b6|00|  235]
                 [   0x00000000]
                 [   0x8ec3d570]
                 [   0x80500002]
                 -------------
188  (0x8ec27000)  [00|00|  236]
                 [   0x00000000]
                 [   0x00000000]
                 [   0x00000000]
                 -------------
189  (0x8ec27010)  [00|00|  237]
                 [   0x00000000]
                 [   0x00000000]
                 [   0x00000000]
                 -------------
190  (0x8ec27020)  [00|00|  238]
                 [   0x00000000]
                 [   0x00000000]
                 [   0x00000000]
                 -------------
191  (0x8ec27030)  [00|00|  239]
                 [   0x00000000]
                 [   0x00000000]
                 [   0x00000000]
                 -------------
192  (0x8ec27040)  [00|00|  240]
                 [   0x00000000]
                 [   0x00000000]
                 [   0x00000000]
                 -------------
193  (0x8ec27050)  [00|00|  241]
                 [   0x00000000]
                 [   0x00000000]
                 [   0x00000000]
                 -------------
194  (0x8ec27060)  [00|00|  243]
                 [   0x00000000]
                 [   0x00000000]
                 [   0x00000000]
                 -------------
195  (0x8ec27070)  [00|b7|  245]
                 [   0x8ec22390]
                 [   0x00000000]
                 [   0x80400001]
                 -------------
196  (0x8ec27080)  [00|b7|  246]
                 [   0x8ec22218]
                 [   0x00000000]
                 [   0x80400001]
                 -------------
197  (0x8ec27090)  [00|00|  247]
                 [   0x00000000]
                 [   0x00000000]
                 [   0x00000000]
                 -------------
198  (0x8ec270a0)  [00|00|  249]
                 [   0x00000000]
                 [   0x00000000]
                 [   0x00000000]
                 -------------
199  (0x8ec270b0)  [00|00|  252]
                 [   0x00000000]
                 [   0x00000000]
                 [   0x00000000]
                 -------------
200  (0x8ec270c0)  [00|00|  253]
                 [   0x00000000]
                 [   0x00000000]
                 [   0x00000000]
                 -------------
201  (0x8ec270d0)  [00|00|  255]
                 [   0x00000000]
                 [   0x00000000]
                 [   0x00000000]
                 -------------
202  (0x8ec270e0)  [00|00|  256]
                 [   0x00000000]
                 [   0x00000000]
                 [   0x00000000]
                 -------------
203  (0x8ec270f0)  [00|00|  257]
                 [   0x00000000]
                 [   0x00000000]
                 [   0x00000000]
                 -------------
204  (0x8ec27100)  [00|00|  259]
                 [   0x00000000]
                 [   0x00000000]
                 [   0x00000000]
                 -------------
205  (0x8ec27110)  [00|b7|  262]
                 [   0x8ec40448]
                 [   0x00000000]
                 [   0x80400005]
                 -------------
206  (0x8ec27120)  [00|00|  263]
                 [   0x00000000]
                 [   0x00000000]
                 [   0x00000000]
                 -------------
207  (0x8ec27130)  [b6|00|  264]
                 [   0x00000000]
                 [   0x8ec40d38]
                 [   0x80500002]
                 -------------
208  (0x8ec27140)  [b6|00|  265]
                 [   0x00000000]
                 [   0x8ec40c78]
                 [   0x80500002]
                 -------------
209  (0x8ec27150)  [00|b8|  266]
                 [   0x8ec22f38]
                 [   0x00000000]
                 [   0x40400004]
                 -------------
210  (0x8ec27160)  [00|00|  267]
                 [   0x00000000]
                 [   0x00000000]
                 [   0x00000000]
                 -------------
211  (0x8ec27170)  [00|00|  268]
                 [   0x00000000]
                 [   0x00000000]
                 [   0x00000000]
                 -------------
212  (0x8ec27180)  [00|00|  269]
                 [   0x00000000]
                 [   0x00000000]
                 [   0x00000000]
                 -------------
213  (0x8ec27190)  [00|00|  271]
                 [   0x00000000]
                 [   0x00000000]
                 [   0x00000000]
                 -------------
214  (0x8ec271a0)  [00|00|  272]
                 [   0x00000000]
                 [   0x00000000]
                 [   0x00000000]
                 -------------
215  (0x8ec271b0)  [00|00|  275]
                 [   0x00000000]
                 [   0x00000000]
                 [   0x00000000]
                 -------------
216  (0x8ec271c0)  [00|00|  277]
                 [   0x00000000]
                 [   0x00000000]
                 [   0x00000000]
                 -------------
217  (0x8ec271d0)  [b6|00|  278]
                 [   0x00000000]
                 [   0x93570e20]
                 [   0x30500001]
                 -------------
218  (0x8ec271e0)  [00|b8|  279]
                 [   0x9359d798]
                 [   0x00000000]
                 [   0x60400002]
                 -------------
219  (0x8ec271f0)  [00|b8|  280]
                 [   0x8eb9d780]
                 [   0x00000000]
                 [   0x70400001]
                 -------------
220  (0x8ec27200)  [00|b2|  281]
                 [   0x93b82ce0]
                 [   0x00000070]
                 [   0x74400001]
                 -------------
221  (0x8ec27210)  [b6|00|  282]
                 [   0x00000000]
                 [   0x935a5e58]
                 [   0x70500002]
                 -------------
222  (0x8ec27220)  [b6|00|  283]
                 [   0x00000000]
                 [   0x00000027]
                 [   0x70000002]
                 -------------
223  (0x8ec27230)  [b6|00|  284]
                 [   0x00000000]
                 [   0x0000000e]
                 [   0x00000002]
                 -------------
224  (0x8ec27240)  [b6|00|  285]
                 [   0x00000000]
                 [   0x00000012]
                 [   0x70000002]
                 -------------
225  (0x8ec27250)  [00|b8|  286]
                 [   0x8ec23a70]
                 [   0x00000000]
                 [   0x70400001]
                 -------------
226  (0x8ec27260)  [b6|00|  287]
                 [   0x00000000]
                 [   0x93571180]
                 [   0x30500001]
                 -------------
227  (0x8ec27270)  [00|b8|  288]
                 [   0x8ec23c58]
                 [   0x00000000]
                 [   0x80400006]
                 -------------
228  (0x8ec27280)  [00|00|  290]
                 [   0x00000000]
                 [   0x00000000]
                 [   0x00000000]
                 -------------
EDX=0xb2a8b530 is an unknown value
ESP=0xb2b74b2c is pointing into the stack for thread: 0xb2a8b400
EBP=0xb2b74b58 is pointing into the stack for thread: 0xb2a8b400
ESI=0xb2b74b40 is pointing into the stack for thread: 0xb2a8b400
EDI=0xb2a8b400 is a thread


Stack: [0xb2b25000,0xb2b76000],  sp=0xb2b74b2c,  free space=318k
Native frames: (J=compiled Java code, j=interpreted, Vv=VM code, C=native code)

[error occurred during error reporting (printing native stack), id 0x7]

Java frames: (J=compiled Java code, j=interpreted, Vv=VM code)
J  org.lwjgl.opengl.LinuxDisplay.nLockAWT()V
J  org.lwjgl.opengl.LinuxDisplay.lockAWT()V
j  org.lwjgl.opengl.LinuxDisplay.update()V+0
j  org.lwjgl.opengl.Display.processMessages()V+25
j  com.badlogic.gdx.backends.lwjgl.LwjglApplication.mainLoop()V+101
j  com.badlogic.gdx.backends.lwjgl.LwjglApplication$1.run()V+27
v  ~StubRoutines::call_stub

---------------  P R O C E S S  ---------------

Java Threads: ( => current thread )
  0xb2a96000 JavaThread "process reaper" daemon [_thread_blocked, id=6282, stack(0xb2b0e000,0xb2b25000)]
  0xb6a07400 JavaThread "DestroyJavaVM" [_thread_blocked, id=6264, stack(0xb6b2f000,0xb6b80000)]
=>0xb2a8b400 JavaThread "LWJGL Application" [_thread_in_native, id=6280, stack(0xb2b25000,0xb2b76000)]
  0xb6ae3000 JavaThread "AWT-XAWT" daemon [_thread_in_native, id=6276, stack(0xb38f5000,0xb3946000)]
  0xb6ad4c00 JavaThread "Java2D Disposer" daemon [_thread_blocked, id=6275, stack(0xb3958000,0xb39a9000)]
  0xb6a4bc00 JavaThread "Service Thread" daemon [_thread_blocked, id=6273, stack(0xb3e40000,0xb3e91000)]
  0xb6a4a000 JavaThread "C1 CompilerThread0" daemon [_thread_blocked, id=6272, stack(0xb3e91000,0xb3f12000)]
  0xb6a48400 JavaThread "Signal Dispatcher" daemon [_thread_blocked, id=6271, stack(0xb4513000,0xb4564000)]
  0xb6a29c00 JavaThread "Finalizer" daemon [_thread_blocked, id=6270, stack(0xb45af000,0xb4600000)]
  0xb6a28400 JavaThread "Reference Handler" daemon [_thread_blocked, id=6269, stack(0xb4722000,0xb4773000)]

Other Threads:
  0xb6a26c00 VMThread [stack: 0xb4773000,0xb47f4000] [id=6268]
  0xb6a4e400 WatcherThread [stack: 0xb3dbf000,0xb3e40000] [id=6274]

VM state:not at safepoint (normal execution)

VM Mutex/Monitor currently owned by a thread: None

Heap
 def new generation   total 4928K, used 1293K [0x7eb40000, 0x7f090000, 0x84090000)
  eden space 4416K,  17% used [0x7eb40000, 0x7ec03680, 0x7ef90000)
  from space 512K, 100% used [0x7f010000, 0x7f090000, 0x7f090000)
  to   space 512K,   0% used [0x7ef90000, 0x7ef90000, 0x7f010000)
 tenured generation   total 10944K, used 2458K [0x84090000, 0x84b40000, 0x8eb40000)
   the space 10944K,  22% used [0x84090000, 0x842f6ad0, 0x842f6c00, 0x84b40000)
 compacting perm gen  total 12288K, used 2292K [0x8eb40000, 0x8f740000, 0x92b40000)
   the space 12288K,  18% used [0x8eb40000, 0x8ed7d1f8, 0x8ed7d200, 0x8f740000)
    ro space 10240K,  45% used [0x92b40000, 0x92fc88f8, 0x92fc8a00, 0x93540000)
    rw space 12288K,  57% used [0x93540000, 0x93c1b998, 0x93c1ba00, 0x94140000)

Card table byte_map: [0xb486b000,0xb4917000] byte_map_base: 0xb4475600

Polling page: 0xb777d000

Code Cache  [0xb4997000, 0xb4aff000, 0xb6997000)
 total_blobs=648 nmethods=353 adapters=232 free_code_cache=31351Kb largest_free_block=32104192

Compilation events (10 events):
Event: 14,456 Thread 0xb6a4a000  349  s          java.io.BufferedInputStream::read (113 bytes)
Event: 14,457 Thread 0xb6a4a000 nmethod 349 0xb4af78c8 code [0xb4af7a40, 0xb4af7ec0]
Event: 14,457 Thread 0xb6a4a000  350             java.io.BufferedInputStream::read1 (108 bytes)
Event: 14,458 Thread 0xb6a4a000 nmethod 350 0xb4af8108 code [0xb4af8280, 0xb4af85c8]
Event: 17,356 Thread 0xb6a4a000  351             com.badlogic.gdx.scenes.scene2d.Actor::parentToLocalCoordinates (228 bytes)
Event: 17,356 Thread 0xb6a4a000 nmethod 351 0xb4af8808 code [0xb4af8940, 0xb4af8c80]
Event: 17,356 Thread 0xb6a4a000  352             com.badlogic.gdx.scenes.scene2d.Actor::getParent (5 bytes)
Event: 17,357 Thread 0xb6a4a000 nmethod 352 0xb4af8d88 code [0xb4af8e80, 0xb4af8f00]
Event: 18,340 Thread 0xb6a4a000  353             com.balitechy.crashlanding.BaseObject::getHeight (5 bytes)
Event: 18,340 Thread 0xb6a4a000 nmethod 353 0xb4af8f48 code [0xb4af9040, 0xb4af90c0]

GC Heap History (6 events):
Event: 0,683 GC heap before
{Heap before GC invocations=0 (full 0):
 def new generation   total 4928K, used 4416K [0x7eb40000, 0x7f090000, 0x84090000)
  eden space 4416K, 100% used [0x7eb40000, 0x7ef90000, 0x7ef90000)
  from space 512K,   0% used [0x7ef90000, 0x7ef90000, 0x7f010000)
  to   space 512K,   0% used [0x7f010000, 0x7f010000, 0x7f090000)
 tenured generation   total 10944K, used 0K [0x84090000, 0x84b40000, 0x8eb40000)
   the space 10944K,   0% used [0x84090000, 0x84090000, 0x84090200, 0x84b40000)
 compacting perm gen  total 12288K, used 1001K [0x8eb40000, 0x8f740000, 0x92b40000)
   the space 12288K,   8% used [0x8eb40000, 0x8ec3a720, 0x8ec3a800, 0x8f740000)
    ro space 10240K,  45% used [0x92b40000, 0x92fc88f8, 0x92fc8a00, 0x93540000)
    rw space 12288K,  57% used [0x93540000, 0x93c1b998, 0x93c1ba00, 0x94140000)
Event: 0,690 GC heap after
Heap after GC invocations=1 (full 0):
 def new generation   total 4928K, used 512K [0x7eb40000, 0x7f090000, 0x84090000)
  eden space 4416K,   0% used [0x7eb40000, 0x7eb40000, 0x7ef90000)
  from space 512K, 100% used [0x7f010000, 0x7f090000, 0x7f090000)
  to   space 512K,   0% used [0x7ef90000, 0x7ef90000, 0x7f010000)
 tenured generation   total 10944K, used 602K [0x84090000, 0x84b40000, 0x8eb40000)
   the space 10944K,   5% used [0x84090000, 0x84126a80, 0x84126c00, 0x84b40000)
 compacting perm gen  total 12288K, used 1001K [0x8eb40000, 0x8f740000, 0x92b40000)
   the space 12288K,   8% used [0x8eb40000, 0x8ec3a720, 0x8ec3a800, 0x8f740000)
    ro space 10240K,  45% used [0x92b40000, 0x92fc88f8, 0x92fc8a00, 0x93540000)
    rw space 12288K,  57% used [0x93540000, 0x93c1b998, 0x93c1ba00, 0x94140000)
}
Event: 0,917 GC heap before
{Heap before GC invocations=1 (full 0):
 def new generation   total 4928K, used 4928K [0x7eb40000, 0x7f090000, 0x84090000)
  eden space 4416K, 100% used [0x7eb40000, 0x7ef90000, 0x7ef90000)
  from space 512K, 100% used [0x7f010000, 0x7f090000, 0x7f090000)
  to   space 512K,   0% used [0x7ef90000, 0x7ef90000, 0x7f010000)
 tenured generation   total 10944K, used 602K [0x84090000, 0x84b40000, 0x8eb40000)
   the space 10944K,   5% used [0x84090000, 0x84126a80, 0x84126c00, 0x84b40000)
 compacting perm gen  total 12288K, used 1726K [0x8eb40000, 0x8f740000, 0x92b40000)
   the space 12288K,  14% used [0x8eb40000, 0x8ecef848, 0x8ecefa00, 0x8f740000)
    ro space 10240K,  45% used [0x92b40000, 0x92fc88f8, 0x92fc8a00, 0x93540000)
    rw space 12288K,  57% used [0x93540000, 0x93c1b998, 0x93c1ba00, 0x94140000)
Event: 0,923 GC heap after
Heap after GC invocations=2 (full 0):
 def new generation   total 4928K, used 512K [0x7eb40000, 0x7f090000, 0x84090000)
  eden space 4416K,   0% used [0x7eb40000, 0x7eb40000, 0x7ef90000)
  from space 512K, 100% used [0x7ef90000, 0x7f010000, 0x7f010000)
  to   space 512K,   0% used [0x7f010000, 0x7f010000, 0x7f090000)
 tenured generation   total 10944K, used 1686K [0x84090000, 0x84b40000, 0x8eb40000)
   the space 10944K,  15% used [0x84090000, 0x84235828, 0x84235a00, 0x84b40000)
 compacting perm gen  total 12288K, used 1726K [0x8eb40000, 0x8f740000, 0x92b40000)
   the space 12288K,  14% used [0x8eb40000, 0x8ecef848, 0x8ecefa00, 0x8f740000)
    ro space 10240K,  45% used [0x92b40000, 0x92fc88f8, 0x92fc8a00, 0x93540000)
    rw space 12288K,  57% used [0x93540000, 0x93c1b998, 0x93c1ba00, 0x94140000)
}
Event: 4,143 GC heap before
{Heap before GC invocations=2 (full 0):
 def new generation   total 4928K, used 4809K [0x7eb40000, 0x7f090000, 0x84090000)
  eden space 4416K,  97% used [0x7eb40000, 0x7ef72638, 0x7ef90000)
  from space 512K, 100% used [0x7ef90000, 0x7f010000, 0x7f010000)
  to   space 512K,   0% used [0x7f010000, 0x7f010000, 0x7f090000)
 tenured generation   total 10944K, used 1686K [0x84090000, 0x84b40000, 0x8eb40000)
   the space 10944K,  15% used [0x84090000, 0x84235828, 0x84235a00, 0x84b40000)
 compacting perm gen  total 12288K, used 2286K [0x8eb40000, 0x8f740000, 0x92b40000)
   the space 12288K,  18% used [0x8eb40000, 0x8ed7ba58, 0x8ed7bc00, 0x8f740000)
    ro space 10240K,  45% used [0x92b40000, 0x92fc88f8, 0x92fc8a00, 0x93540000)
    rw space 12288K,  57% used [0x93540000, 0x93c1b998, 0x93c1ba00, 0x94140000)
Event: 4,148 GC heap after
Heap after GC invocations=3 (full 0):
 def new generation   total 4928K, used 512K [0x7eb40000, 0x7f090000, 0x84090000)
  eden space 4416K,   0% used [0x7eb40000, 0x7eb40000, 0x7ef90000)
  from space 512K, 100% used [0x7f010000, 0x7f090000, 0x7f090000)
  to   space 512K,   0% used [0x7ef90000, 0x7ef90000, 0x7f010000)
 tenured generation   total 10944K, used 2458K [0x84090000, 0x84b40000, 0x8eb40000)
   the space 10944K,  22% used [0x84090000, 0x842f6ad0, 0x842f6c00, 0x84b40000)
 compacting perm gen  total 12288K, used 2286K [0x8eb40000, 0x8f740000, 0x92b40000)
   the space 12288K,  18% used [0x8eb40000, 0x8ed7ba58, 0x8ed7bc00, 0x8f740000)
    ro space 10240K,  45% used [0x92b40000, 0x92fc88f8, 0x92fc8a00, 0x93540000)
    rw space 12288K,  57% used [0x93540000, 0x93c1b998, 0x93c1ba00, 0x94140000)
}

Deoptimization events (0 events):
No events

Internal exceptions (10 events):
Event: 1,029 Thread 0xb2a8b400 Threw 0x7ee43b68 at /HUDSON/workspace/7u-2-build-linux-i586/jdk7u51/527/hotspot/src/share/vm/prims/jvm.cpp:1244
Event: 1,029 Thread 0xb2a8b400 Threw 0x7ee486b0 at /HUDSON/workspace/7u-2-build-linux-i586/jdk7u51/527/hotspot/src/share/vm/prims/jvm.cpp:1244
Event: 1,030 Thread 0xb2a8b400 Threw 0x7ee4c088 at /HUDSON/workspace/7u-2-build-linux-i586/jdk7u51/527/hotspot/src/share/vm/prims/jvm.cpp:1244
Event: 1,030 Thread 0xb2a8b400 Threw 0x7ee53ea8 at /HUDSON/workspace/7u-2-build-linux-i586/jdk7u51/527/hotspot/src/share/vm/prims/jvm.cpp:1244
Event: 1,031 Thread 0xb2a8b400 Threw 0x7ee588e0 at /HUDSON/workspace/7u-2-build-linux-i586/jdk7u51/527/hotspot/src/share/vm/prims/jvm.cpp:1244
Event: 1,061 Thread 0xb2a8b400 Threw 0x7ee5da98 at /HUDSON/workspace/7u-2-build-linux-i586/jdk7u51/527/hotspot/src/share/vm/prims/jvm.cpp:1244
Event: 1,062 Thread 0xb2a8b400 Threw 0x7ee6adf8 at /HUDSON/workspace/7u-2-build-linux-i586/jdk7u51/527/hotspot/src/share/vm/prims/jvm.cpp:1244
Event: 9,783 Thread 0xb2a8b400 Threw 0x7eb8d4d8 at /HUDSON/workspace/7u-2-build-linux-i586/jdk7u51/527/hotspot/src/share/vm/prims/jvm.cpp:1244
Event: 11,586 Thread 0xb2a8b400 Threw 0x7eb9bba0 at /HUDSON/workspace/7u-2-build-linux-i586/jdk7u51/527/hotspot/src/share/vm/prims/jvm.cpp:1244
Event: 11,588 Thread 0xb2a8b400 Threw 0x7eba0220 at /HUDSON/workspace/7u-2-build-linux-i586/jdk7u51/527/hotspot/src/share/vm/prims/jvm.cpp:1244

Events (10 events):
Event: 4,143 Executing VM operation: GenCollectForAllocation
Event: 4,148 Executing VM operation: GenCollectForAllocation done
Event: 9,783 loading class 0xb2a84b60
Event: 9,783 loading class 0xb2a84b60 done
Event: 11,586 loading class 0xb6a73060
Event: 11,586 loading class 0xb6a73060 done
Event: 11,588 loading class 0xb6a73120
Event: 11,588 loading class 0xb6a73120 done
Event: 11,589 loading class 0x94161780
Event: 11,589 loading class 0x94161780 done


Dynamic libraries:
08048000-08049000 r-xp 00000000 08:01 319959     /opt/java/32/jre1.7.0_51/bin/java
08049000-0804a000 rw-p 00000000 08:01 319959     /opt/java/32/jre1.7.0_51/bin/java
092a3000-092c4000 rw-p 00000000 00:00 0          [heap]
7eb40000-7f090000 rw-p 00000000 00:00 0 
7f090000-84090000 rw-p 00000000 00:00 0 
84090000-84b40000 rw-p 00000000 00:00 0 
84b40000-8eb40000 rw-p 00000000 00:00 0 
8eb40000-8f740000 rw-p 00000000 00:00 0 
8f740000-92b40000 rw-p 00000000 00:00 0 
92b40000-92fc9000 r--p 00001000 08:01 320027     /opt/java/32/jre1.7.0_51/lib/i386/client/classes.jsa
92fc9000-93540000 rw-p 00000000 00:00 0 
93540000-93c1c000 rw-p 0048a000 08:01 320027     /opt/java/32/jre1.7.0_51/lib/i386/client/classes.jsa
93c1c000-94140000 rw-p 00000000 00:00 0 
94140000-943df000 rw-p 00b66000 08:01 320027     /opt/java/32/jre1.7.0_51/lib/i386/client/classes.jsa
943df000-94540000 rw-p 00000000 00:00 0 
94540000-94549000 r-xp 00e05000 08:01 320027     /opt/java/32/jre1.7.0_51/lib/i386/client/classes.jsa
94549000-94940000 rw-p 00000000 00:00 0 
b0520000-b08a0000 rw-s 126b7000 00:05 1020       /dev/dri/card0
b0900000-b0949000 rw-p 00000000 00:00 0 
b0949000-b0a00000 ---p 00000000 00:00 0 
b0a00000-b0adf000 rw-p 00000000 00:00 0 
b0adf000-b0b00000 ---p 00000000 00:00 0 
b0b20000-b0c00000 rw-s 12a75000 00:05 1020       /dev/dri/card0
b0c00000-b0cfe000 rw-p 00000000 00:00 0 
b0cfe000-b0d00000 ---p 00000000 00:00 0 
b0d00000-b0dff000 rw-p 00000000 00:00 0 
b0dff000-b0e00000 ---p 00000000 00:00 0 
b0e00000-b0f00000 rw-p 00000000 00:00 0 
b0fc5000-b1200000 rw-p 00000000 00:00 0 
b1200000-b1300000 rw-p 00000000 00:00 0 
b13fb000-b2100000 rw-p 00000000 00:00 0 
b2100000-b21fc000 rw-p 00000000 00:00 0 
b21fc000-b2200000 ---p 00000000 00:00 0 
b2274000-b22cb000 rw-p 00000000 00:00 0 
b2327000-b232f000 rw-s 00000000 00:04 82215      /drm mm object (deleted)
b232f000-b235f000 rw-s 12a37000 00:05 1020       /dev/dri/card0
b235f000-b2376000 r-xp 00000000 08:01 953        /lib/i386-linux-gnu/libz.so.1.2.7
b2376000-b2377000 r--p 00016000 08:01 953        /lib/i386-linux-gnu/libz.so.1.2.7
b2377000-b2378000 rw-p 00017000 08:01 953        /lib/i386-linux-gnu/libz.so.1.2.7
b2378000-b2381000 r-xp 00000000 08:01 394360     /usr/lib/i386-linux-gnu/libpciaccess.so.0.11.1
b2381000-b2382000 r--p 00008000 08:01 394360     /usr/lib/i386-linux-gnu/libpciaccess.so.0.11.1
b2382000-b2383000 rw-p 00009000 08:01 394360     /usr/lib/i386-linux-gnu/libpciaccess.so.0.11.1
b2383000-b23a4000 r-xp 00000000 08:01 444471     /usr/lib/i386-linux-gnu/libdrm_intel.so.1.0.0
b23a4000-b23a5000 r--p 00020000 08:01 444471     /usr/lib/i386-linux-gnu/libdrm_intel.so.1.0.0
b23a5000-b23a6000 rw-p 00021000 08:01 444471     /usr/lib/i386-linux-gnu/libdrm_intel.so.1.0.0
b23a6000-b23cb000 r-xp 00000000 08:01 824        /lib/i386-linux-gnu/libexpat.so.1.6.0
b23cb000-b23cd000 r--p 00025000 08:01 824        /lib/i386-linux-gnu/libexpat.so.1.6.0
b23cd000-b23ce000 rw-p 00027000 08:01 824        /lib/i386-linux-gnu/libexpat.so.1.6.0
b23ce000-b2765000 r-xp 00000000 08:01 444534     /usr/lib/i386-linux-gnu/libdricore9.1.7.so.1.0.0
b2765000-b2766000 ---p 00397000 08:01 444534     /usr/lib/i386-linux-gnu/libdricore9.1.7.so.1.0.0
b2766000-b276f000 r--p 00397000 08:01 444534     /usr/lib/i386-linux-gnu/libdricore9.1.7.so.1.0.0
b276f000-b2774000 rw-p 003a0000 08:01 444534     /usr/lib/i386-linux-gnu/libdricore9.1.7.so.1.0.0
b2774000-b2789000 rw-p 00000000 00:00 0 
b2789000-b285d000 r-xp 00000000 08:01 444531     /usr/lib/i386-linux-gnu/dri/i965_dri.so
b285d000-b285f000 r--p 000d4000 08:01 444531     /usr/lib/i386-linux-gnu/dri/i965_dri.so
b285f000-b2860000 rw-p 000d6000 08:01 444531     /usr/lib/i386-linux-gnu/dri/i965_dri.so
b2860000-b2861000 rw-p 00000000 00:00 0 
b2861000-b2877000 r-xp 00000000 08:01 394023     /usr/lib/i386-linux-gnu/libxcb-glx.so.0.0.0
b2877000-b2878000 r--p 00016000 08:01 394023     /usr/lib/i386-linux-gnu/libxcb-glx.so.0.0.0
b2878000-b2879000 rw-p 00017000 08:01 394023     /usr/lib/i386-linux-gnu/libxcb-glx.so.0.0.0
b2879000-b2888000 r-xp 00000000 08:01 394275     /usr/lib/i386-linux-gnu/libglapi.so.0.0.0
b2888000-b2889000 ---p 0000f000 08:01 394275     /usr/lib/i386-linux-gnu/libglapi.so.0.0.0
b2889000-b288b000 r--p 0000f000 08:01 394275     /usr/lib/i386-linux-gnu/libglapi.so.0.0.0
b288b000-b2890000 rwxp 00011000 08:01 394275     /usr/lib/i386-linux-gnu/libglapi.so.0.0.0
b2890000-b28e2000 r-xp 00000000 08:01 420141     /usr/lib/i386-linux-gnu/mesa/libGL.so.1.2.0
b28e2000-b28e4000 r--p 00051000 08:01 420141     /usr/lib/i386-linux-gnu/mesa/libGL.so.1.2.0
b28e4000-b28e8000 rwxp 00053000 08:01 420141     /usr/lib/i386-linux-gnu/mesa/libGL.so.1.2.0
b28e8000-b28e9000 rwxp 00000000 00:00 0 
b28e9000-b28f1000 rw-s 00000000 00:04 82213      /drm mm object (deleted)
b28f1000-b28ff000 rw-s 12a67000 00:05 1020       /dev/dri/card0
b28ff000-b2900000 ---p 00000000 00:00 0 
b2900000-b2a00000 rw-p 00000000 00:00 0          [stack:6279]
b2a00000-b2af6000 rw-p 00000000 00:00 0 
b2af6000-b2b00000 ---p 00000000 00:00 0 
b2b01000-b2b0c000 r-xp 00000000 08:01 444459     /usr/lib/i386-linux-gnu/libdrm.so.2.4.0
b2b0c000-b2b0d000 r--p 0000a000 08:01 444459     /usr/lib/i386-linux-gnu/libdrm.so.2.4.0
b2b0d000-b2b0e000 rw-p 0000b000 08:01 444459     /usr/lib/i386-linux-gnu/libdrm.so.2.4.0
b2b0e000-b2b11000 ---p 00000000 00:00 0 
b2b11000-b2b25000 rw-p 00000000 00:00 0          [stack:6282]
b2b25000-b2b28000 ---p 00000000 00:00 0 
b2b28000-b2b76000 rw-p 00000000 00:00 0          [stack:6280]
b2b76000-b2b86000 rw-s 00000000 00:04 33882133   /SYSV0056a4d6 (deleted)
b2b86000-b2c73000 r-xp 00000000 08:01 420134     /usr/lib/i386-linux-gnu/libasound.so.2.0.0
b2c73000-b2c77000 r--p 000ec000 08:01 420134     /usr/lib/i386-linux-gnu/libasound.so.2.0.0
b2c77000-b2c78000 rw-p 000f0000 08:01 420134     /usr/lib/i386-linux-gnu/libasound.so.2.0.0
b2c79000-b2c7e000 rw-s 00000000 00:04 82214      /drm mm object (deleted)
b2c7e000-b2c8e000 rw-s 00000000 00:05 8579       /dev/snd/pcmC0D0p
b2c8e000-b2c8f000 ---p 00000000 00:00 0 
b2c8f000-b348f000 rw-p 00000000 00:00 0 
b348f000-b34a2000 r-xp 00000000 08:01 19212      /lib/i386-linux-gnu/libresolv-2.17.so
b34a2000-b34a3000 r--p 00013000 08:01 19212      /lib/i386-linux-gnu/libresolv-2.17.so
b34a3000-b34a4000 rw-p 00014000 08:01 19212      /lib/i386-linux-gnu/libresolv-2.17.so
b34a4000-b34a6000 rw-p 00000000 00:00 0 
b34a6000-b34ac000 r-xp 00000000 08:01 394330     /usr/lib/i386-linux-gnu/libogg.so.0.8.0
b34ac000-b34ad000 r--p 00005000 08:01 394330     /usr/lib/i386-linux-gnu/libogg.so.0.8.0
b34ad000-b34ae000 rw-p 00006000 08:01 394330     /usr/lib/i386-linux-gnu/libogg.so.0.8.0
b34ae000-b34d7000 r-xp 00000000 08:01 394510     /usr/lib/i386-linux-gnu/libvorbis.so.0.4.5
b34d7000-b34d8000 ---p 00029000 08:01 394510     /usr/lib/i386-linux-gnu/libvorbis.so.0.4.5
b34d8000-b34d9000 r--p 00029000 08:01 394510     /usr/lib/i386-linux-gnu/libvorbis.so.0.4.5
b34d9000-b34da000 rw-p 0002a000 08:01 394510     /usr/lib/i386-linux-gnu/libvorbis.so.0.4.5
b34da000-b3640000 r-xp 00000000 08:01 394512     /usr/lib/i386-linux-gnu/libvorbisenc.so.2.0.8
b3640000-b3651000 r--p 00165000 08:01 394512     /usr/lib/i386-linux-gnu/libvorbisenc.so.2.0.8
b3651000-b3652000 rw-p 00176000 08:01 394512     /usr/lib/i386-linux-gnu/libvorbisenc.so.2.0.8
b3652000-b36a0000 r-xp 00000000 08:01 393781     /usr/lib/i386-linux-gnu/libFLAC.so.8.2.0
b36a0000-b36a1000 r--p 0004e000 08:01 393781     /usr/lib/i386-linux-gnu/libFLAC.so.8.2.0
b36a1000-b36a2000 rw-p 0004f000 08:01 393781     /usr/lib/i386-linux-gnu/libFLAC.so.8.2.0
b36a2000-b36a7000 r-xp 00000000 08:01 393870     /usr/lib/i386-linux-gnu/libasyncns.so.0.3.1
b36a7000-b36a8000 r--p 00004000 08:01 393870     /usr/lib/i386-linux-gnu/libasyncns.so.0.3.1
b36a8000-b36a9000 rw-p 00005000 08:01 393870     /usr/lib/i386-linux-gnu/libasyncns.so.0.3.1
b36a9000-b3716000 r-xp 00000000 08:01 394438     /usr/lib/i386-linux-gnu/libsndfile.so.1.0.25
b3716000-b3718000 r--p 0006c000 08:01 394438     /usr/lib/i386-linux-gnu/libsndfile.so.1.0.25
b3718000-b3719000 rw-p 0006e000 08:01 394438     /usr/lib/i386-linux-gnu/libsndfile.so.1.0.25
b3719000-b371d000 rw-p 00000000 00:00 0 
b371d000-b3725000 r-xp 00000000 08:01 951        /lib/i386-linux-gnu/libwrap.so.0.7.6
b3725000-b3726000 r--p 00007000 08:01 951        /lib/i386-linux-gnu/libwrap.so.0.7.6
b3726000-b3727000 rw-p 00008000 08:01 951        /lib/i386-linux-gnu/libwrap.so.0.7.6
b3727000-b376f000 r-xp 00000000 08:01 17735      /lib/i386-linux-gnu/libdbus-1.so.3.7.2
b376f000-b3770000 r--p 00047000 08:01 17735      /lib/i386-linux-gnu/libdbus-1.so.3.7.2
b3770000-b3771000 rw-p 00048000 08:01 17735      /lib/i386-linux-gnu/libdbus-1.so.3.7.2
b3771000-b37da000 r-xp 00000000 08:01 395400     /usr/lib/i386-linux-gnu/pulseaudio/libpulsecommon-3.0.so
b37da000-b37db000 r--p 00068000 08:01 395400     /usr/lib/i386-linux-gnu/pulseaudio/libpulsecommon-3.0.so
b37db000-b37dc000 rw-p 00069000 08:01 395400     /usr/lib/i386-linux-gnu/pulseaudio/libpulsecommon-3.0.so
b37dc000-b37e4000 r-xp 00000000 08:01 844        /lib/i386-linux-gnu/libjson.so.0.1.0
b37e4000-b37e5000 r--p 00007000 08:01 844        /lib/i386-linux-gnu/libjson.so.0.1.0
b37e5000-b37e6000 rw-p 00008000 08:01 844        /lib/i386-linux-gnu/libjson.so.0.1.0
b37e6000-b3832000 r-xp 00000000 08:01 394394     /usr/lib/i386-linux-gnu/libpulse.so.0.15.3
b3832000-b3833000 ---p 0004c000 08:01 394394     /usr/lib/i386-linux-gnu/libpulse.so.0.15.3
b3833000-b3834000 r--p 0004c000 08:01 394394     /usr/lib/i386-linux-gnu/libpulse.so.0.15.3
b3834000-b3835000 rw-p 0004d000 08:01 394394     /usr/lib/i386-linux-gnu/libpulse.so.0.15.3
b3835000-b3883000 r-xp 00000000 08:01 266675     /tmp/libgdxeka/417985b7/libopenal.so (deleted)
b3883000-b3885000 r--p 0004d000 08:01 266675     /tmp/libgdxeka/417985b7/libopenal.so (deleted)
b3885000-b3886000 rw-p 0004f000 08:01 266675     /tmp/libgdxeka/417985b7/libopenal.so (deleted)
b3886000-b388a000 r-xp 00000000 08:01 393818     /usr/lib/i386-linux-gnu/libXxf86vm.so.1.0.0
b388a000-b388b000 r--p 00003000 08:01 393818     /usr/lib/i386-linux-gnu/libXxf86vm.so.1.0.0
b388b000-b388c000 rw-p 00004000 08:01 393818     /usr/lib/i386-linux-gnu/libXxf86vm.so.1.0.0
b388c000-b3895000 r-xp 00000000 08:01 393830     /usr/lib/i386-linux-gnu/libXrandr.so.2.2.0
b3895000-b3896000 r--p 00008000 08:01 393830     /usr/lib/i386-linux-gnu/libXrandr.so.2.2.0
b3896000-b3897000 rw-p 00009000 08:01 393830     /usr/lib/i386-linux-gnu/libXrandr.so.2.2.0
b3897000-b38f2000 r-xp 00000000 08:01 265986     /tmp/libgdxeka/417985b7/liblwjgl.so (deleted)
b38f2000-b38f3000 ---p 0005b000 08:01 265986     /tmp/libgdxeka/417985b7/liblwjgl.so (deleted)
b38f3000-b38f4000 r--p 0005b000 08:01 265986     /tmp/libgdxeka/417985b7/liblwjgl.so (deleted)
b38f4000-b38f5000 rw-p 0005c000 08:01 265986     /tmp/libgdxeka/417985b7/liblwjgl.so (deleted)
b38f5000-b38f8000 ---p 00000000 00:00 0 
b38f8000-b3946000 rw-p 00000000 00:00 0          [stack:6276]
b3946000-b394b000 r-xp 00000000 08:01 394541     /usr/lib/i386-linux-gnu/libXfixes.so.3.1.0
b394b000-b394c000 r--p 00004000 08:01 394541     /usr/lib/i386-linux-gnu/libXfixes.so.3.1.0
b394c000-b394d000 rw-p 00005000 08:01 394541     /usr/lib/i386-linux-gnu/libXfixes.so.3.1.0
b394d000-b3956000 r-xp 00000000 08:01 393836     /usr/lib/i386-linux-gnu/libXcursor.so.1.0.2
b3956000-b3957000 r--p 00008000 08:01 393836     /usr/lib/i386-linux-gnu/libXcursor.so.1.0.2
b3957000-b3958000 rw-p 00009000 08:01 393836     /usr/lib/i386-linux-gnu/libXcursor.so.1.0.2
b3958000-b395b000 ---p 00000000 00:00 0 
b395b000-b39a9000 rw-p 00000000 00:00 0          [stack:6275]
b39a9000-b39ae000 r-xp 00000000 08:01 393815     /usr/lib/i386-linux-gnu/libXdmcp.so.6.0.0
b39ae000-b39af000 r--p 00004000 08:01 393815     /usr/lib/i386-linux-gnu/libXdmcp.so.6.0.0
b39af000-b39b0000 rw-p 00005000 08:01 393815     /usr/lib/i386-linux-gnu/libXdmcp.so.6.0.0
b39b0000-b39d0000 r-xp 00000000 08:01 399910     /usr/lib/i386-linux-gnu/libxcb.so.1.1.0
b39d0000-b39d1000 r--p 0001f000 08:01 399910     /usr/lib/i386-linux-gnu/libxcb.so.1.1.0
b39d1000-b39d2000 rw-p 00020000 08:01 399910     /usr/lib/i386-linux-gnu/libxcb.so.1.1.0
b39d2000-b39e0000 r-xp 00000000 08:01 393810     /usr/lib/i386-linux-gnu/libXi.so.6.1.0
b39e0000-b39e1000 r--p 0000d000 08:01 393810     /usr/lib/i386-linux-gnu/libXi.so.6.1.0
b39e1000-b39e2000 rw-p 0000e000 08:01 393810     /usr/lib/i386-linux-gnu/libXi.so.6.1.0
b39e2000-b39e7000 r-xp 00000000 08:01 393840     /usr/lib/i386-linux-gnu/libXtst.so.6.1.0
b39e7000-b39e8000 r--p 00004000 08:01 393840     /usr/lib/i386-linux-gnu/libXtst.so.6.1.0
b39e8000-b39e9000 rw-p 00005000 08:01 393840     /usr/lib/i386-linux-gnu/libXtst.so.6.1.0
b39e9000-b3b1c000 r-xp 00000000 08:01 394551     /usr/lib/i386-linux-gnu/libX11.so.6.3.0
b3b1c000-b3b1d000 r--p 00132000 08:01 394551     /usr/lib/i386-linux-gnu/libX11.so.6.3.0
b3b1d000-b3b20000 rw-p 00133000 08:01 394551     /usr/lib/i386-linux-gnu/libX11.so.6.3.0
b3b20000-b3b30000 r-xp 00000000 08:01 393799     /usr/lib/i386-linux-gnu/libXext.so.6.4.0
b3b30000-b3b31000 r--p 0000f000 08:01 393799     /usr/lib/i386-linux-gnu/libXext.so.6.4.0
b3b31000-b3b32000 rw-p 00010000 08:01 393799     /usr/lib/i386-linux-gnu/libXext.so.6.4.0
b3b32000-b3b7b000 r-xp 00000000 08:01 319658     /opt/java/32/jre1.7.0_51/lib/i386/xawt/libmawt.so
b3b7b000-b3b7d000 rw-p 00049000 08:01 319658     /opt/java/32/jre1.7.0_51/lib/i386/xawt/libmawt.so
b3b7d000-b3b7e000 rw-p 00000000 00:00 0 
b3b7e000-b3c04000 r-xp 00000000 08:01 319654     /opt/java/32/jre1.7.0_51/lib/i386/libawt.so
b3c04000-b3c0b000 rw-p 00086000 08:01 319654     /opt/java/32/jre1.7.0_51/lib/i386/libawt.so
b3c0b000-b3c2f000 rw-p 00000000 00:00 0 
b3c2f000-b3c4a000 r-xp 00000000 08:01 829        /lib/i386-linux-gnu/libgcc_s.so.1
b3c4a000-b3c4b000 r--p 0001a000 08:01 829        /lib/i386-linux-gnu/libgcc_s.so.1
b3c4b000-b3c4c000 rw-p 0001b000 08:01 829        /lib/i386-linux-gnu/libgcc_s.so.1
b3c4c000-b3d28000 r-xp 00000000 08:01 394454     /usr/lib/i386-linux-gnu/libstdc++.so.6.0.17
b3d28000-b3d29000 ---p 000dc000 08:01 394454     /usr/lib/i386-linux-gnu/libstdc++.so.6.0.17
b3d29000-b3d2d000 r--p 000dc000 08:01 394454     /usr/lib/i386-linux-gnu/libstdc++.so.6.0.17
b3d2d000-b3d2e000 rw-p 000e0000 08:01 394454     /usr/lib/i386-linux-gnu/libstdc++.so.6.0.17
b3d2e000-b3d35000 rw-p 00000000 00:00 0 
b3d37000-b3d38000 rw-s 00000000 00:04 81165      /drm mm object (deleted)
b3d38000-b3d3b000 r-xp 00000000 08:01 393797     /usr/lib/i386-linux-gnu/libxcb-dri2.so.0.0.0
b3d3b000-b3d3c000 r--p 00003000 08:01 393797     /usr/lib/i386-linux-gnu/libxcb-dri2.so.0.0.0
b3d3c000-b3d3d000 rw-p 00004000 08:01 393797     /usr/lib/i386-linux-gnu/libxcb-dri2.so.0.0.0
b3d3d000-b3d3e000 r-xp 00000000 08:01 393782     /usr/lib/i386-linux-gnu/libX11-xcb.so.1.0.0
b3d3e000-b3d3f000 r--p 00000000 08:01 393782     /usr/lib/i386-linux-gnu/libX11-xcb.so.1.0.0
b3d3f000-b3d40000 rw-p 00001000 08:01 393782     /usr/lib/i386-linux-gnu/libX11-xcb.so.1.0.0
b3d40000-b3d42000 r-xp 00000000 08:01 393813     /usr/lib/i386-linux-gnu/libXdamage.so.1.1.0
b3d42000-b3d43000 r--p 00001000 08:01 393813     /usr/lib/i386-linux-gnu/libXdamage.so.1.1.0
b3d43000-b3d44000 rw-p 00002000 08:01 393813     /usr/lib/i386-linux-gnu/libXdamage.so.1.1.0
b3d44000-b3d4b000 r--s 00000000 08:01 441061     /usr/lib/i386-linux-gnu/gconv/gconv-modules.cache
b3d4b000-b3dbd000 r-xp 00000000 08:01 266511     /tmp/libgdxeka/2535ec09/libgdx.so
b3dbd000-b3dbe000 r--p 00072000 08:01 266511     /tmp/libgdxeka/2535ec09/libgdx.so
b3dbe000-b3dbf000 rw-p 00073000 08:01 266511     /tmp/libgdxeka/2535ec09/libgdx.so
b3dbf000-b3dc0000 ---p 00000000 00:00 0 
b3dc0000-b3e40000 rw-p 00000000 00:00 0          [stack:6274]
b3e40000-b3e43000 ---p 00000000 00:00 0 
b3e43000-b3e91000 rw-p 00000000 00:00 0          [stack:6273]
b3e91000-b3e94000 ---p 00000000 00:00 0 
b3e94000-b3f12000 rw-p 00000000 00:00 0          [stack:6272]
b3f12000-b40cf000 r--s 031a3000 08:01 318856     /opt/java/32/jre1.7.0_51/lib/rt.jar
b40cf000-b4200000 r--p 001ca000 08:01 395793     /usr/lib/locale/locale-archive
b4200000-b4400000 r--p 00000000 08:01 395793     /usr/lib/locale/locale-archive
b4400000-b4421000 rw-p 00000000 00:00 0 
b4421000-b4500000 ---p 00000000 00:00 0 
b4500000-b4501000 rwxp 00000000 00:00 0 
b4501000-b4502000 rw-s 81000000 00:05 8579       /dev/snd/pcmC0D0p
b4502000-b4513000 r--s 0012b000 08:06 4590828    /home/eka/workspace/CrashLanding-desktop/libs/gdx-backend-lwjgl.jar
b4513000-b4516000 ---p 00000000 00:00 0 
b4516000-b45af000 rw-p 00000000 00:00 0          [stack:6271]
b45af000-b45b2000 ---p 00000000 00:00 0 
b45b2000-b4600000 rw-p 00000000 00:00 0          [stack:6270]
b4600000-b4700000 rw-p 00000000 00:00 0 
b4700000-b4701000 r--s 80000000 00:05 8579       /dev/snd/pcmC0D0p
b4701000-b4702000 rw-s 00000000 00:04 33849364   /SYSV0056a4d5 (deleted)
b4702000-b470a000 r-xp 00000000 08:01 394547     /usr/lib/i386-linux-gnu/libXrender.so.1.3.0
b470a000-b470b000 r--p 00008000 08:01 394547     /usr/lib/i386-linux-gnu/libXrender.so.1.3.0
b470b000-b470c000 rw-p 00009000 08:01 394547     /usr/lib/i386-linux-gnu/libXrender.so.1.3.0
b470c000-b4722000 r--s 00156000 08:06 4590816    /home/eka/workspace/CrashLanding/libs/gdx.jar
b4722000-b4725000 ---p 00000000 00:00 0 
b4725000-b4773000 rw-p 00000000 00:00 0          [stack:6269]
b4773000-b4774000 ---p 00000000 00:00 0 
b4774000-b47fb000 rw-p 00000000 00:00 0          [stack:6268]
b47fb000-b4815000 rw-p 00000000 00:00 0 
b4815000-b481b000 rw-p 00000000 00:00 0 
b481b000-b486b000 rw-p 00000000 00:00 0 
b486b000-b486e000 rw-p 00000000 00:00 0 
b486e000-b4895000 rw-p 00000000 00:00 0 
b4895000-b489b000 rw-p 00000000 00:00 0 
b489b000-b48eb000 rw-p 00000000 00:00 0 
b48eb000-b48f1000 rw-p 00000000 00:00 0 
b48f1000-b490b000 rw-p 00000000 00:00 0 
b490b000-b491d000 rw-p 00000000 00:00 0 
b491d000-b4997000 rw-p 00000000 00:00 0 
b4997000-b4aff000 rwxp 00000000 00:00 0 
b4aff000-b6997000 rw-p 00000000 00:00 0 
b6997000-b69ae000 r-xp 00000000 08:01 319713     /opt/java/32/jre1.7.0_51/lib/i386/libzip.so
b69ae000-b69af000 rw-p 00017000 08:01 319713     /opt/java/32/jre1.7.0_51/lib/i386/libzip.so
b69af000-b69ba000 r-xp 00000000 08:01 19372      /lib/i386-linux-gnu/libnss_files-2.17.so
b69ba000-b69bb000 r--p 0000a000 08:01 19372      /lib/i386-linux-gnu/libnss_files-2.17.so
b69bb000-b69bc000 rw-p 0000b000 08:01 19372      /lib/i386-linux-gnu/libnss_files-2.17.so
b69bc000-b69c6000 r-xp 00000000 08:01 46059      /lib/i386-linux-gnu/libnss_nis-2.17.so
b69c6000-b69c7000 r--p 00009000 08:01 46059      /lib/i386-linux-gnu/libnss_nis-2.17.so
b69c7000-b69c8000 rw-p 0000a000 08:01 46059      /lib/i386-linux-gnu/libnss_nis-2.17.so
b69c8000-b69dd000 r-xp 00000000 08:01 18794      /lib/i386-linux-gnu/libnsl-2.17.so
b69dd000-b69de000 r--p 00014000 08:01 18794      /lib/i386-linux-gnu/libnsl-2.17.so
b69de000-b69df000 rw-p 00015000 08:01 18794      /lib/i386-linux-gnu/libnsl-2.17.so
b69df000-b69e1000 rw-p 00000000 00:00 0 
b69e1000-b69e8000 r-xp 00000000 08:01 19715      /lib/i386-linux-gnu/libnss_compat-2.17.so
b69e8000-b69e9000 r--p 00006000 08:01 19715      /lib/i386-linux-gnu/libnss_compat-2.17.so
b69e9000-b69ea000 rw-p 00007000 08:01 19715      /lib/i386-linux-gnu/libnss_compat-2.17.so
b69ea000-b69eb000 r-xp 00000000 08:01 319699     /opt/java/32/jre1.7.0_51/lib/i386/libjawt.so
b69eb000-b69ec000 rw-p 00000000 08:01 319699     /opt/java/32/jre1.7.0_51/lib/i386/libjawt.so
b69ec000-b69ee000 r-xp 00000000 08:01 393804     /usr/lib/i386-linux-gnu/libXau.so.6.0.0
b69ee000-b69ef000 r--p 00001000 08:01 393804     /usr/lib/i386-linux-gnu/libXau.so.6.0.0
b69ef000-b69f0000 rw-p 00002000 08:01 393804     /usr/lib/i386-linux-gnu/libXau.so.6.0.0
b69f0000-b69f1000 r--s 00127000 08:06 4590829    /home/eka/workspace/CrashLanding-desktop/libs/gdx-natives.jar
b69f1000-b69f3000 r--s 001a1000 08:06 4590830    /home/eka/workspace/CrashLanding-desktop/libs/gdx-backend-lwjgl-natives.jar
b69f3000-b6a00000 rw-p 00000000 00:00 0 
b6a00000-b6afb000 rw-p 00000000 00:00 0 
b6afb000-b6b00000 ---p 00000000 00:00 0 
b6b00000-b6b01000 r--p 00935000 08:01 395793     /usr/lib/locale/locale-archive
b6b01000-b6b02000 r--p 00d84000 08:01 395793     /usr/lib/locale/locale-archive
b6b02000-b6b25000 r-xp 00000000 08:01 319677     /opt/java/32/jre1.7.0_51/lib/i386/libjava.so
b6b25000-b6b26000 rw-p 00022000 08:01 319677     /opt/java/32/jre1.7.0_51/lib/i386/libjava.so
b6b26000-b6b2d000 r-xp 00000000 08:01 46058      /lib/i386-linux-gnu/librt-2.17.so
b6b2d000-b6b2e000 r--p 00006000 08:01 46058      /lib/i386-linux-gnu/librt-2.17.so
b6b2e000-b6b2f000 rw-p 00007000 08:01 46058      /lib/i386-linux-gnu/librt-2.17.so
b6b2f000-b6b32000 ---p 00000000 00:00 0 
b6b32000-b6b80000 rw-p 00000000 00:00 0          [stack:6264]
b6b80000-b6bc1000 r-xp 00000000 08:01 46055      /lib/i386-linux-gnu/libm-2.17.so
b6bc1000-b6bc2000 r--p 00040000 08:01 46055      /lib/i386-linux-gnu/libm-2.17.so
b6bc2000-b6bc3000 rw-p 00041000 08:01 46055      /lib/i386-linux-gnu/libm-2.17.so
b6bc3000-b7149000 r-xp 00000000 08:01 319672     /opt/java/32/jre1.7.0_51/lib/i386/client/libjvm.so
b7149000-b716a000 rw-p 00586000 08:01 319672     /opt/java/32/jre1.7.0_51/lib/i386/client/libjvm.so
b716a000-b758b000 rw-p 00000000 00:00 0 
b758b000-b7739000 r-xp 00000000 08:01 46056      /lib/i386-linux-gnu/libc-2.17.so
b7739000-b773b000 r--p 001ae000 08:01 46056      /lib/i386-linux-gnu/libc-2.17.so
b773b000-b773c000 rw-p 001b0000 08:01 46056      /lib/i386-linux-gnu/libc-2.17.so
b773c000-b773f000 rw-p 00000000 00:00 0 
b773f000-b7742000 r-xp 00000000 08:01 46061      /lib/i386-linux-gnu/libdl-2.17.so
b7742000-b7743000 r--p 00002000 08:01 46061      /lib/i386-linux-gnu/libdl-2.17.so
b7743000-b7744000 rw-p 00003000 08:01 46061      /lib/i386-linux-gnu/libdl-2.17.so
b7744000-b7757000 r-xp 00000000 08:01 319681     /opt/java/32/jre1.7.0_51/lib/i386/jli/libjli.so
b7757000-b7758000 rw-p 00012000 08:01 319681     /opt/java/32/jre1.7.0_51/lib/i386/jli/libjli.so
b7758000-b7759000 rw-p 00000000 00:00 0 
b7759000-b7770000 r-xp 00000000 08:01 46054      /lib/i386-linux-gnu/libpthread-2.17.so
b7770000-b7771000 r--p 00016000 08:01 46054      /lib/i386-linux-gnu/libpthread-2.17.so
b7771000-b7772000 rw-p 00017000 08:01 46054      /lib/i386-linux-gnu/libpthread-2.17.so
b7772000-b7774000 rw-p 00000000 00:00 0 
b7774000-b777c000 rw-s 00000000 08:01 266680     /tmp/hsperfdata_eka/6262
b777c000-b777d000 rw-p 00000000 00:00 0 
b777d000-b777e000 r--p 00000000 00:00 0 
b777e000-b7789000 r-xp 00000000 08:01 319659     /opt/java/32/jre1.7.0_51/lib/i386/libverify.so
b7789000-b778a000 rw-p 0000b000 08:01 319659     /opt/java/32/jre1.7.0_51/lib/i386/libverify.so
b778a000-b778c000 rw-p 00000000 00:00 0 
b778c000-b778d000 r-xp 00000000 00:00 0          [vdso]
b778d000-b77ad000 r-xp 00000000 08:01 46057      /lib/i386-linux-gnu/ld-2.17.so
b77ad000-b77ae000 r--p 0001f000 08:01 46057      /lib/i386-linux-gnu/ld-2.17.so
b77ae000-b77af000 rw-p 00020000 08:01 46057      /lib/i386-linux-gnu/ld-2.17.so
bfa39000-bfa5a000 rw-p 00000000 00:00 0          [stack]

VM Arguments:
jvm_args: -Dfile.encoding=UTF-8 
java_command: com.balitechy.crashlanding.Main
Launcher Type: SUN_STANDARD

Environment Variables:
PATH=/usr/lib/lightdm/lightdm:/usr/local/sbin:/usr/local/bin:/usr/sbin:/usr/bin:/sbin:/bin:/usr/games:/usr/local/games
LD_LIBRARY_PATH=/opt/java/32/jre1.7.0_51/lib/i386/client:/opt/java/32/jre1.7.0_51/lib/i386:
SHELL=/bin/bash
DISPLAY=:0.0

Signal Handlers:
SIGSEGV: [libjvm.so+0x5047e0], sa_mask[0]=0x7ffbfeff, sa_flags=0x10000004
SIGBUS: [libjvm.so+0x5047e0], sa_mask[0]=0x7ffbfeff, sa_flags=0x10000004
SIGFPE: [libjvm.so+0x3fc850], sa_mask[0]=0x7ffbfeff, sa_flags=0x10000004
SIGPIPE: [libjvm.so+0x3fc850], sa_mask[0]=0x7ffbfeff, sa_flags=0x10000004
SIGXFSZ: [libjvm.so+0x3fc850], sa_mask[0]=0x7ffbfeff, sa_flags=0x10000004
SIGILL: [libjvm.so+0x3fc850], sa_mask[0]=0x7ffbfeff, sa_flags=0x10000004
SIGUSR1: SIG_DFL, sa_mask[0]=0x00000000, sa_flags=0x00000000
SIGUSR2: [libjvm.so+0x3fdd40], sa_mask[0]=0x00000004, sa_flags=0x10000004
SIGHUP: [libjvm.so+0x3fee90], sa_mask[0]=0x7ffbfeff, sa_flags=0x10000004
SIGINT: [libjvm.so+0x3fee90], sa_mask[0]=0x7ffbfeff, sa_flags=0x10000004
SIGTERM: [libjvm.so+0x3fee90], sa_mask[0]=0x7ffbfeff, sa_flags=0x10000004
SIGQUIT: [libjvm.so+0x3fee90], sa_mask[0]=0x7ffbfeff, sa_flags=0x10000004


---------------  S Y S T E M  ---------------

OS:wheezy/sid

uname:Linux 3.8.0-35-generic #50-Ubuntu SMP Tue Dec 3 01:25:33 UTC 2013 i686
libc:glibc 2.17 NPTL 2.17 
rlimit: STACK 8192k, CORE 0k, NPROC 13434, NOFILE 4096, AS infinity
load average:0,38 0,17 0,13

/proc/meminfo:
MemTotal:        1736208 kB
MemFree:          125432 kB
Buffers:           32652 kB
Cached:           542268 kB
SwapCached:         5388 kB
Active:           735572 kB
Inactive:         792144 kB
Active(anon):     553268 kB
Inactive(anon):   606092 kB
Active(file):     182304 kB
Inactive(file):   186052 kB
Unevictable:           4 kB
Mlocked:               4 kB
HighTotal:        877584 kB
HighFree:          11196 kB
LowTotal:         858624 kB
LowFree:          114236 kB
SwapTotal:       2000892 kB
SwapFree:        1932008 kB
Dirty:              1048 kB
Writeback:             0 kB
AnonPages:        948224 kB
Mapped:           201528 kB
Shmem:            206568 kB
Slab:              48152 kB
SReclaimable:      33828 kB
SUnreclaim:        14324 kB
KernelStack:        3816 kB
PageTables:        13888 kB
NFS_Unstable:          0 kB
Bounce:                0 kB
WritebackTmp:          0 kB
CommitLimit:     2868996 kB
Committed_AS:    3998228 kB
VmallocTotal:     122880 kB
VmallocUsed:       14096 kB
VmallocChunk:     108076 kB
HardwareCorrupted:     0 kB
AnonHugePages:         0 kB
HugePages_Total:       0
HugePages_Free:        0
HugePages_Rsvd:        0
HugePages_Surp:        0
Hugepagesize:       2048 kB
DirectMap4k:       10232 kB
DirectMap2M:      903168 kB


CPU:total 2 (2 cores per cpu, 1 threads per core) family 6 model 58 stepping 9, cmov, cx8, fxsr, mmx, sse, sse2, sse3, ssse3, sse4.1, sse4.2, popcnt, erms, tsc, tscinvbit, tscinv

/proc/cpuinfo:
processor	: 0
vendor_id	: GenuineIntel
cpu family	: 6
model		: 58
model name	: Intel(R) Pentium(R) CPU G2010 @ 2.80GHz
stepping	: 9
microcode	: 0x15
cpu MHz		: 2800.000
cache size	: 3072 KB
physical id	: 0
siblings	: 2
core id		: 0
cpu cores	: 2
apicid		: 0
initial apicid	: 0
fdiv_bug	: no
hlt_bug		: no
f00f_bug	: no
coma_bug	: no
fpu		: yes
fpu_exception	: yes
cpuid level	: 13
wp		: yes
flags		: fpu vme de pse tsc msr pae mce cx8 apic sep mtrr pge mca cmov pat pse36 clflush dts acpi mmx fxsr sse sse2 ss ht tm pbe nx rdtscp lm constant_tsc arch_perfmon pebs bts xtopology nonstop_tsc aperfmperf eagerfpu pni pclmulqdq dtes64 monitor ds_cpl vmx est tm2 ssse3 cx16 xtpr pdcm pcid sse4_1 sse4_2 popcnt tsc_deadline_timer xsave lahf_lm arat epb xsaveopt pln pts dtherm tpr_shadow vnmi flexpriority ept vpid fsgsbase smep erms
bogomips	: 5587.68
clflush size	: 64
cache_alignment	: 64
address sizes	: 36 bits physical, 48 bits virtual
power management:

processor	: 1
vendor_id	: GenuineIntel
cpu family	: 6
model		: 58
model name	: Intel(R) Pentium(R) CPU G2010 @ 2.80GHz
stepping	: 9
microcode	: 0x15
cpu MHz		: 1600.000
cache size	: 3072 KB
physical id	: 0
siblings	: 2
core id		: 1
cpu cores	: 2
apicid		: 2
initial apicid	: 2
fdiv_bug	: no
hlt_bug		: no
f00f_bug	: no
coma_bug	: no
fpu		: yes
fpu_exception	: yes
cpuid level	: 13
wp		: yes
flags		: fpu vme de pse tsc msr pae mce cx8 apic sep mtrr pge mca cmov pat pse36 clflush dts acpi mmx fxsr sse sse2 ss ht tm pbe nx rdtscp lm constant_tsc arch_perfmon pebs bts xtopology nonstop_tsc aperfmperf eagerfpu pni pclmulqdq dtes64 monitor ds_cpl vmx est tm2 ssse3 cx16 xtpr pdcm pcid sse4_1 sse4_2 popcnt tsc_deadline_timer xsave lahf_lm arat epb xsaveopt pln pts dtherm tpr_shadow vnmi flexpriority ept vpid fsgsbase smep erms
bogomips	: 5587.68
clflush size	: 64
cache_alignment	: 64
address sizes	: 36 bits physical, 48 bits virtual
power management:



Memory: 4k page, physical 1736208k(125432k free), swap 2000892k(1932008k free)

vm_info: Java HotSpot(TM) Client VM (24.51-b03) for linux-x86 JRE (1.7.0_51-b13), built on Dec 18 2013 18:49:34 by "java_re" with gcc 4.3.0 20080428 (Red Hat 4.3.0-8)

time: Sat Feb 22 12:11:09 2014
elapsed time: 18 seconds

