#
# A fatal error has been detected by the Java Runtime Environment:
#
#  SIGBUS (0x7) at pc=0xb3879fc0, pid=18743, tid=2995776320
#
# JRE version: Java(TM) SE Runtime Environment (7.0_51-b13) (build 1.7.0_51-b13)
# Java VM: Java HotSpot(TM) Client VM (24.51-b03 mixed mode, sharing linux-x86 )
# Problematic frame:
# 
[error occurred during error reporting (printing problematic frame), id 0x7]

# Failed to write core dump. Core dumps have been disabled. To enable core dumping, try "ulimit -c unlimited" before starting Java again
#
# If you would like to submit a bug report, please visit:
#   http://bugreport.sun.com/bugreport/crash.jsp
# The crash happened outside the Java Virtual Machine in native code.
# See problematic frame for where to report the bug.
#

---------------  T H R E A D  ---------------

Current thread (0xb2a8b400):  JavaThread "LWJGL Application" [_thread_in_native, id=18761, stack(0xb28ae000,0xb28ff000)]

siginfo:si_signo=SIGBUS: si_errno=0, si_code=2 (BUS_ADRERR), si_addr=0xb3879fc0

Registers:
EAX=0xb28fdc80, EBX=0x00000001, ECX=0x8eb701f8, EDX=0xb2a8b530
ESP=0xb28fdbac, EBP=0xb28fdbd8, ESI=0xb28fdbc0, EDI=0xb2a8b400
EIP=0xb3879fc0, EFLAGS=0x00210246, CR2=0xb3879fc0

Top of Stack: (sp=0xb28fdbac)
0xb28fdbac:   b49dcdde b2a8b530 b28fdbc0 b28fdccc
0xb28fdbbc:   b4a04df4 8412be38 84144988 b28fdccc
0xb28fdbcc:   b4a1bb68 b4a1224c 00000009 b28fdccc
0xb28fdbdc:   b4a12094 00000000 00000000 b28fdccc
0xb28fdbec:   b4a2170c fc9f4cdc 00003125 b28fdc58
0xb28fdbfc:   00000000 0000003d 7f0129b0 0007e740
0xb28fdc0c:   00000000 fabb4ede ffe07e39 fabb4ede
0xb28fdc1c:   ffe07e39 fff8a500 ffffffff faca911e 

Instructions: (pc=0xb3879fc0)
0xb3879fa0:   
[error occurred during error reporting (printing registers, top of stack, instructions near pc), id 0x7]

Register to memory mapping:

EAX=0xb28fdc80 is pointing into the stack for thread: 0xb2a8b400
EBX=0x00000001 is an unknown value
ECX=0x8eb701f8 is an oop
{constant pool cache} 
 - klass: {other class}
                 -------------
  0  (0x8eb70208)  [00|00|    1]
                 [   0x00000000]
                 [   0x00000000]
                 [   0x00000000]
                 -------------
  1  (0x8eb70218)  [00|00|    2]
                 [   0x00000000]
                 [   0x00000000]
                 [   0x00000000]
                 -------------
  2  (0x8eb70228)  [00|00|    3]
                 [   0x00000000]
                 [   0x00000000]
                 [   0x00000000]
                 -------------
  3  (0x8eb70238)  [00|b7|    5]
                 [   0x8eb72f68]
                 [   0x00000000]
                 [   0x80000002]
                 -------------
  4  (0x8eb70248)  [00|b7|    6]
                 [   0x8eb69218]
                 [   0x00000000]
                 [   0x80000004]
                 -------------
  5  (0x8eb70258)  [00|00|    8]
                 [   0x00000000]
                 [   0x00000000]
                 [   0x00000000]
                 -------------
  6  (0x8eb70268)  [00|00|    9]
                 [   0x00000000]
                 [   0x00000000]
                 [   0x00000000]
                 -------------
  7  (0x8eb70278)  [00|00|   10]
                 [   0x00000000]
                 [   0x00000000]
                 [   0x00000000]
                 -------------
  8  (0x8eb70288)  [00|b7|   11]
                 [   0x93540180]
                 [   0x00000000]
                 [   0x80000001]
                 -------------
  9  (0x8eb70298)  [b5|b4|   12]
                 [   0x8412c688]
                 [   0x0000000c]
                 [   0x04000007]
                 -------------
 10  (0x8eb702a8)  [00|b7|   14]
                 [   0x8eb63c58]
                 [   0x00000000]
                 [   0x80000001]
                 -------------
 11  (0x8eb702b8)  [b5|b4|   15]
                 [   0x8412c688]
                 [   0x0000002c]
                 [   0x74400008]
                 -------------
 12  (0x8eb702c8)  [b5|b4|   16]
                 [   0x8412c688]
                 [   0x00000030]
                 [   0x74400009]
                 -------------
 13  (0x8eb702d8)  [b5|b4|   17]
                 [   0x8412c688]
                 [   0x00000034]
                 [   0x7440000a]
                 -------------
 14  (0x8eb702e8)  [b5|b4|   18]
                 [   0x8412c688]
                 [   0x00000008]
                 [   0x3400000b]
                 -------------
 15  (0x8eb702f8)  [00|b7|   20]
                 [   0x8eb83130]
                 [   0x00000000]
                 [   0x80000001]
                 -------------
 16  (0x8eb70308)  [b5|b4|   21]
                 [   0x8412c688]
                 [   0x0000003c]
                 [   0x7400000d]
                 -------------
 17  (0x8eb70318)  [00|b8|   22]
                 [   0x8eb89b38]
                 [   0x00000000]
                 [   0x80400000]
                 -------------
 18  (0x8eb70328)  [b5|b4|   23]
                 [   0x8412c770]
                 [   0x00000050]
                 [   0x7400000f]
                 -------------
 19  (0x8eb70338)  [00|00|   24]
                 [   0x00000000]
                 [   0x00000000]
                 [   0x00000000]
                 -------------
 20  (0x8eb70348)  [00|00|   25]
                 [   0x00000000]
                 [   0x00000000]
                 [   0x00000000]
                 -------------
 21  (0x8eb70358)  [b5|b4|   26]
                 [   0x8412c688]
                 [   0x00000010]
                 [   0x74400000]
                 -------------
 22  (0x8eb70368)  [b3|b2|   27]
                 [   0x8412c770]
                 [   0x00000070]
                 [   0x04000000]
                 -------------
 23  (0x8eb70378)  [b5|b4|   29]
                 [   0x8412c770]
                 [   0x00000034]
                 [   0x34000012]
                 -------------
 24  (0x8eb70388)  [b5|b4|   30]
                 [   0x8412c770]
                 [   0x0000003c]
                 [   0x34000014]
                 -------------
 25  (0x8eb70398)  [b5|b4|   31]
                 [   0x8412c770]
                 [   0x00000038]
                 [   0x34000013]
                 -------------
 26  (0x8eb703a8)  [00|b7|   32]
                 [   0x8eb8dbd8]
                 [   0x00000000]
                 [   0x80000004]
                 -------------
 27  (0x8eb703b8)  [b5|b4|   33]
                 [   0x8412c688]
                 [   0x00000014]
                 [   0x74000001]
                 -------------
 28  (0x8eb703c8)  [00|b7|   35]
                 [   0x8ebe78e0]
                 [   0x00000000]
                 [   0x80400001]
                 -------------
 29  (0x8eb703d8)  [b5|b4|   36]
                 [   0x8412c688]
                 [   0x00000018]
                 [   0x74400002]
                 -------------
 30  (0x8eb703e8)  [00|b7|   38]
                 [   0x8ebeddf8]
                 [   0x00000000]
                 [   0x80400001]
                 -------------
 31  (0x8eb703f8)  [b5|b4|   39]
                 [   0x8412c688]
                 [   0x0000001c]
                 [   0x74400003]
                 -------------
 32  (0x8eb70408)  [00|b7|   41]
                 [   0x8ebfaea8]
                 [   0x00000000]
                 [   0x80000001]
                 -------------
 33  (0x8eb70418)  [b5|b4|   42]
                 [   0x8412c688]
                 [   0x00000020]
                 [   0x74400004]
                 -------------
 34  (0x8eb70428)  [b5|b4|   43]
                 [   0x8412c688]
                 [   0x00000024]
                 [   0x74400005]
                 -------------
 35  (0x8eb70438)  [b5|b4|   44]
                 [   0x8412c770]
                 [   0x00000058]
                 [   0x74000019]
                 -------------
 36  (0x8eb70448)  [b5|b4|   45]
                 [   0x8412c688]
                 [   0x00000038]
                 [   0x7400000c]
                 -------------
 37  (0x8eb70458)  [b3|b2|   46]
                 [   0x8412a8d8]
                 [   0x00000070]
                 [   0x74000000]
                 -------------
 38  (0x8eb70468)  [b3|b2|   47]
                 [   0x8412a8d8]
                 [   0x00000074]
                 [   0x74000001]
                 -------------
 39  (0x8eb70478)  [b3|b2|   48]
                 [   0x8412a8d8]
                 [   0x00000078]
                 [   0x74000002]
                 -------------
 40  (0x8eb70488)  [b3|b2|   49]
                 [   0x8412a8d8]
                 [   0x00000080]
                 [   0x74000004]
                 -------------
 41  (0x8eb70498)  [b3|b2|   50]
                 [   0x8412a8d8]
                 [   0x0000007c]
                 [   0x74000003]
                 -------------
 42  (0x8eb704a8)  [b3|b2|   51]
                 [   0x8412a8d8]
                 [   0x00000084]
                 [   0x74000005]
                 -------------
 43  (0x8eb704b8)  [00|b7|   52]
                 [   0x8eb693a8]
                 [   0x00000000]
                 [   0x80000001]
                 -------------
 44  (0x8eb704c8)  [b5|b4|   53]
                 [   0x8412c770]
                 [   0x00000024]
                 [   0x34000009]
                 -------------
 45  (0x8eb704d8)  [b5|b4|   54]
                 [   0x8412c770]
                 [   0x00000028]
                 [   0x3400000a]
                 -------------
 46  (0x8eb704e8)  [00|00|   55]
                 [   0x00000000]
                 [   0x00000000]
                 [   0x00000000]
                 -------------
 47  (0x8eb704f8)  [00|00|   56]
                 [   0x00000000]
                 [   0x00000000]
                 [   0x00000000]
                 -------------
 48  (0x8eb70508)  [00|b7|   59]
                 [   0x8eb6e9f0]
                 [   0x00000000]
                 [   0x80000003]
                 -------------
 49  (0x8eb70518)  [b5|b4|   60]
                 [   0x8412c688]
                 [   0x00000028]
                 [   0x74000006]
                 -------------
 50  (0x8eb70528)  [b6|00|   61]
                 [   0x00000000]
                 [   0x00000009]
                 [   0x80000001]
                 -------------
 51  (0x8eb70538)  [b6|00|   62]
                 [   0x00000000]
                 [   0x0000000f]
                 [   0x80000001]
                 -------------
 52  (0x8eb70548)  [00|00|   65]
                 [   0x00000000]
                 [   0x00000000]
                 [   0x00000000]
                 -------------
 53  (0x8eb70558)  [00|b9|   66]
                 [   0x8eb5e950]
                 [   0x00000002]
                 [   0x80000001]
                 -------------
 54  (0x8eb70568)  [b6|00|   67]
                 [   0x00000000]
                 [   0x00000008]
                 [   0x30000001]
                 -------------
 55  (0x8eb70578)  [b6|00|   68]
                 [   0x00000000]
                 [   0x00000007]
                 [   0x30000001]
                 -------------
 56  (0x8eb70588)  [00|b9|   69]
                 [   0x8eb5e950]
                 [   0x00000001]
                 [   0x80000003]
                 -------------
 57  (0x8eb70598)  [b5|b4|   70]
                 [   0x8412c6f8]
                 [   0x00000025]
                 [   0x0400000d]
                 -------------
 58  (0x8eb705a8)  [00|b8|   71]
                 [   0x9354d1f0]
                 [   0x00000000]
                 [   0x40400000]
                 -------------
 59  (0x8eb705b8)  [b5|b4|   72]
                 [   0x8412c6f8]
                 [   0x00000010]
                 [   0x4400000a]
                 -------------
 60  (0x8eb705c8)  [00|b8|   73]
                 [   0x8ec10b50]
                 [   0x00000000]
                 [   0x80400000]
                 -------------
 61  (0x8eb705d8)  [00|b8|   74]
                 [   0x8ec10868]
                 [   0x00000000]
                 [   0x00400000]
                 -------------
 62  (0x8eb705e8)  [00|00|   75]
                 [   0x00000000]
                 [   0x00000000]
                 [   0x00000000]
                 -------------
 63  (0x8eb705f8)  [00|b8|   76]
                 [   0x8ec109d8]
                 [   0x00000000]
                 [   0x00400000]
                 -------------
 64  (0x8eb70608)  [b6|00|   77]
                 [   0x00000000]
                 [   0x00000011]
                 [   0x70000001]
                 -------------
 65  (0x8eb70618)  [00|b9|   78]
                 [   0x935864f0]
                 [   0x00000000]
                 [   0x00000001]
                 -------------
 66  (0x8eb70628)  [00|00|   79]
                 [   0x00000000]
                 [   0x00000000]
                 [   0x00000000]
                 -------------
 67  (0x8eb70638)  [00|00|   81]
                 [   0x00000000]
                 [   0x00000000]
                 [   0x00000000]
                 -------------
 68  (0x8eb70648)  [00|b9|   82]
                 [   0x8eb5e950]
                 [   0x00000005]
                 [   0x80000001]
                 -------------
 69  (0x8eb70658)  [00|00|   83]
                 [   0x00000000]
                 [   0x00000000]
                 [   0x00000000]
                 -------------
 70  (0x8eb70668)  [00|00|   84]
                 [   0x00000000]
                 [   0x00000000]
                 [   0x00000000]
                 -------------
 71  (0x8eb70678)  [b5|b4|   85]
                 [   0x8412c6f8]
                 [   0x0000003c]
                 [   0x7400000b]
                 -------------
 72  (0x8eb70688)  [00|00|   86]
                 [   0x00000000]
                 [   0x00000000]
                 [   0x00000000]
                 -------------
 73  (0x8eb70698)  [00|00|   87]
                 [   0x00000000]
                 [   0x00000000]
                 [   0x00000000]
                 -------------
 74  (0x8eb706a8)  [00|00|   88]
                 [   0x00000000]
                 [   0x00000000]
                 [   0x00000000]
                 -------------
 75  (0x8eb706b8)  [00|00|   89]
                 [   0x00000000]
                 [   0x00000000]
                 [   0x00000000]
                 -------------
 76  (0x8eb706c8)  [b5|b4|   90]
                 [   0x8412c6f8]
                 [   0x00000040]
                 [   0x7400000e]
                 -------------
 77  (0x8eb706d8)  [00|b8|   91]
                 [   0x8ec128e0]
                 [   0x00000000]
                 [   0x30400000]
                 -------------
 78  (0x8eb706e8)  [b5|b4|   92]
                 [   0x8412c770]
                 [   0x0000002c]
                 [   0x3400000b]
                 -------------
 79  (0x8eb706f8)  [00|b8|   93]
                 [   0x8ec12980]
                 [   0x00000000]
                 [   0x30400000]
                 -------------
 80  (0x8eb70708)  [b5|b4|   94]
                 [   0x8412c770]
                 [   0x00000030]
                 [   0x3400000c]
                 -------------
 81  (0x8eb70718)  [00|b8|   95]
                 [   0x8ec12840]
                 [   0x00000000]
                 [   0x00400000]
                 -------------
 82  (0x8eb70728)  [00|b8|   96]
                 [   0x8ec12a20]
                 [   0x00000000]
                 [   0x30400000]
                 -------------
 83  (0x8eb70738)  [00|b8|   97]
                 [   0x8ec12ac0]
                 [   0x00000000]
                 [   0x30400000]
                 -------------
 84  (0x8eb70748)  [00|00|   98]
                 [   0x00000000]
                 [   0x00000000]
                 [   0x00000000]
                 -------------
 85  (0x8eb70758)  [b6|00|   99]
                 [   0x00000000]
                 [   0x00000014]
                 [   0x00000001]
                 -------------
 86  (0x8eb70768)  [b6|00|  100]
                 [   0x00000000]
                 [   0x8ebef938]
                 [   0x80500001]
                 -------------
 87  (0x8eb70778)  [b6|00|  101]
                 [   0x00000000]
                 [   0x0000000e]
                 [   0x00000001]
                 -------------
 88  (0x8eb70788)  [b6|00|  102]
                 [   0x00000000]
                 [   0x8ebeebc8]
                 [   0x80500001]
                 -------------
 89  (0x8eb70798)  [b6|00|  103]
                 [   0x00000000]
                 [   0x00000006]
                 [   0x80000001]
                 -------------
 90  (0x8eb707a8)  [b5|b4|  104]
                 [   0x8412c770]
                 [   0x00000044]
                 [   0x34000017]
                 -------------
 91  (0x8eb707b8)  [b5|b4|  105]
                 [   0x8412c770]
                 [   0x00000040]
                 [   0x34000016]
                 -------------
 92  (0x8eb707c8)  [b6|00|  106]
                 [   0x00000000]
                 [   0x0000000c]
                 [   0x80000001]
                 -------------
 93  (0x8eb707d8)  [00|b9|  107]
                 [   0x8eb5e950]
                 [   0x00000004]
                 [   0x80000001]
                 -------------
 94  (0x8eb707e8)  [00|b8|  108]
                 [   0x8ec10e00]
                 [   0x00000000]
                 [   0x80400001]
                 -------------
 95  (0x8eb707f8)  [00|b8|  109]
                 [   0x8ec10120]
                 [   0x00000000]
                 [   0x80400001]
                 -------------
 96  (0x8eb70808)  [00|00|  110]
                 [   0x00000000]
                 [   0x00000000]
                 [   0x00000000]
                 -------------
 97  (0x8eb70818)  [00|00|  111]
                 [   0x00000000]
                 [   0x00000000]
                 [   0x00000000]
                 -------------
 98  (0x8eb70828)  [00|00|  112]
                 [   0x00000000]
                 [   0x00000000]
                 [   0x00000000]
                 -------------
 99  (0x8eb70838)  [00|00|  113]
                 [   0x00000000]
                 [   0x00000000]
                 [   0x00000000]
                 -------------
100  (0x8eb70848)  [00|00|  114]
                 [   0x00000000]
                 [   0x00000000]
                 [   0x00000000]
                 -------------
101  (0x8eb70858)  [00|00|  115]
                 [   0x00000000]
                 [   0x00000000]
                 [   0x00000000]
                 -------------
102  (0x8eb70868)  [b6|00|  116]
                 [   0x00000000]
                 [   0x0000000d]
                 [   0x80000002]
                 -------------
103  (0x8eb70878)  [b6|00|  117]
                 [   0x00000000]
                 [   0x00000013]
                 [   0x80000001]
                 -------------
104  (0x8eb70888)  [b5|b4|  118]
                 [   0x8412a9e0]
                 [   0x00000008]
                 [   0x34000001]
                 -------------
105  (0x8eb70898)  [00|00|  119]
                 [   0x00000000]
                 [   0x00000000]
                 [   0x00000000]
                 -------------
106  (0x8eb708a8)  [00|00|  121]
                 [   0x00000000]
                 [   0x00000000]
                 [   0x00000000]
                 -------------
107  (0x8eb708b8)  [00|b2|  122]
                 [   0x7f0107d0]
                 [   0x00000074]
                 [   0x74400001]
                 -------------
108  (0x8eb708c8)  [00|00|  123]
                 [   0x00000000]
                 [   0x00000000]
                 [   0x00000000]
                 -------------
109  (0x8eb708d8)  [00|00|  125]
                 [   0x00000000]
                 [   0x00000000]
                 [   0x00000000]
                 -------------
110  (0x8eb708e8)  [00|00|  126]
                 [   0x00000000]
                 [   0x00000000]
                 [   0x00000000]
                 -------------
111  (0x8eb708f8)  [00|00|  127]
                 [   0x00000000]
                 [   0x00000000]
                 [   0x00000000]
                 -------------
112  (0x8eb70908)  [00|00|  128]
                 [   0x00000000]
                 [   0x00000000]
                 [   0x00000000]
                 -------------
113  (0x8eb70918)  [00|00|  129]
                 [   0x00000000]
                 [   0x00000000]
                 [   0x00000000]
                 -------------
114  (0x8eb70928)  [00|00|  130]
                 [   0x00000000]
                 [   0x00000000]
                 [   0x00000000]
                 -------------
115  (0x8eb70938)  [00|00|  133]
                 [   0x00000000]
                 [   0x00000000]
                 [   0x00000000]
                 -------------
116  (0x8eb70948)  [00|00|  134]
                 [   0x00000000]
                 [   0x00000000]
                 [   0x00000000]
                 -------------
117  (0x8eb70958)  [00|00|  136]
                 [   0x00000000]
                 [   0x00000000]
                 [   0x00000000]
                 -------------
118  (0x8eb70968)  [00|00|  137]
                 [   0x00000000]
                 [   0x00000000]
                 [   0x00000000]
                 -------------
119  (0x8eb70978)  [00|00|  138]
                 [   0x00000000]
                 [   0x00000000]
                 [   0x00000000]
                 -------------
120  (0x8eb70988)  [00|00|  139]
                 [   0x00000000]
                 [   0x00000000]
                 [   0x00000000]
                 -------------
121  (0x8eb70998)  [00|00|  141]
                 [   0x00000000]
                 [   0x00000000]
                 [   0x00000000]
                 -------------
122  (0x8eb709a8)  [00|00|  142]
                 [   0x00000000]
                 [   0x00000000]
                 [   0x00000000]
                 -------------
123  (0x8eb709b8)  [00|00|  144]
                 [   0x00000000]
                 [   0x00000000]
                 [   0x00000000]
                 -------------
124  (0x8eb709c8)  [00|00|  145]
                 [   0x00000000]
                 [   0x00000000]
                 [   0x00000000]
                 -------------
125  (0x8eb709d8)  [00|00|  146]
                 [   0x00000000]
                 [   0x00000000]
                 [   0x00000000]
                 -------------
126  (0x8eb709e8)  [00|00|  147]
                 [   0x00000000]
                 [   0x00000000]
                 [   0x00000000]
                 -------------
127  (0x8eb709f8)  [00|00|  149]
                 [   0x00000000]
                 [   0x00000000]
                 [   0x00000000]
                 -------------
128  (0x8eb70a08)  [00|00|  150]
                 [   0x00000000]
                 [   0x00000000]
                 [   0x00000000]
                 -------------
129  (0x8eb70a18)  [00|00|  151]
                 [   0x00000000]
                 [   0x00000000]
                 [   0x00000000]
                 -------------
130  (0x8eb70a28)  [00|00|  152]
                 [   0x00000000]
                 [   0x00000000]
                 [   0x00000000]
                 -------------
EDX=0xb2a8b530 is an unknown value
ESP=0xb28fdbac is pointing into the stack for thread: 0xb2a8b400
EBP=0xb28fdbd8 is pointing into the stack for thread: 0xb2a8b400
ESI=0xb28fdbc0 is pointing into the stack for thread: 0xb2a8b400
EDI=0xb2a8b400 is a thread


Stack: [0xb28ae000,0xb28ff000],  sp=0xb28fdbac,  free space=318k
Native frames: (J=compiled Java code, j=interpreted, Vv=VM code, C=native code)

[error occurred during error reporting (printing native stack), id 0x7]

Java frames: (J=compiled Java code, j=interpreted, Vv=VM code)
J  org.lwjgl.opengl.LinuxDisplay.nLockAWT()V
J  org.lwjgl.opengl.Display.processMessages()V
j  com.badlogic.gdx.backends.lwjgl.LwjglApplication.mainLoop()V+101
j  com.badlogic.gdx.backends.lwjgl.LwjglApplication$1.run()V+27
v  ~StubRoutines::call_stub

---------------  P R O C E S S  ---------------

Java Threads: ( => current thread )
  0xb6907400 JavaThread "DestroyJavaVM" [_thread_blocked, id=18745, stack(0xb6ad0000,0xb6b21000)]
=>0xb2a8b400 JavaThread "LWJGL Application" [_thread_in_native, id=18761, stack(0xb28ae000,0xb28ff000)]
  0xb69e3000 JavaThread "AWT-XAWT" daemon [_thread_in_native, id=18757, stack(0xb3893000,0xb38e4000)]
  0xb69d4c00 JavaThread "Java2D Disposer" daemon [_thread_blocked, id=18756, stack(0xb38f6000,0xb3947000)]
  0xb694bc00 JavaThread "Service Thread" daemon [_thread_blocked, id=18754, stack(0xb3dc1000,0xb3e12000)]
  0xb694a000 JavaThread "C1 CompilerThread0" daemon [_thread_blocked, id=18753, stack(0xb442e000,0xb44af000)]
  0xb6948400 JavaThread "Signal Dispatcher" daemon [_thread_blocked, id=18752, stack(0xb44af000,0xb4500000)]
  0xb6929c00 JavaThread "Finalizer" daemon [_thread_blocked, id=18751, stack(0xb465b000,0xb46ac000)]
  0xb6928400 JavaThread "Reference Handler" daemon [_thread_blocked, id=18750, stack(0xb46ac000,0xb46fd000)]

Other Threads:
  0xb6926c00 VMThread [stack: 0xb46fd000,0xb477e000] [id=18749]
  0xb694e400 WatcherThread [stack: 0xb3d40000,0xb3dc1000] [id=18755]

VM state:not at safepoint (normal execution)

VM Mutex/Monitor currently owned by a thread: None

Heap
 def new generation   total 4928K, used 731K [0x7eb40000, 0x7f090000, 0x84090000)
  eden space 4416K,  13% used [0x7eb40000, 0x7ebd7c80, 0x7ef90000)
  from space 512K,  24% used [0x7f010000, 0x7f02f0f0, 0x7f090000)
  to   space 512K,   0% used [0x7ef90000, 0x7ef90000, 0x7f010000)
 tenured generation   total 10944K, used 2098K [0x84090000, 0x84b40000, 0x8eb40000)
   the space 10944K,  19% used [0x84090000, 0x8429c808, 0x8429ca00, 0x84b40000)
 compacting perm gen  total 12288K, used 2085K [0x8eb40000, 0x8f740000, 0x92b40000)
   the space 12288K,  16% used [0x8eb40000, 0x8ed49468, 0x8ed49600, 0x8f740000)
    ro space 10240K,  45% used [0x92b40000, 0x92fc88f8, 0x92fc8a00, 0x93540000)
    rw space 12288K,  57% used [0x93540000, 0x93c1b998, 0x93c1ba00, 0x94140000)

Card table byte_map: [0xb47d4000,0xb4880000] byte_map_base: 0xb43de600

Polling page: 0xb771e000

Code Cache  [0xb4900000, 0xb4a38000, 0xb6900000)
 total_blobs=702 nmethods=407 adapters=232 free_code_cache=31531Kb largest_free_block=32287936

Compilation events (10 events):
Event: 74,773 Thread 0xb694a000  402             sun.util.logging.PlatformLogger::isLoggable (9 bytes)
Event: 74,774 Thread 0xb694a000 nmethod 402 0xb4a31d48 code [0xb4a31e50, 0xb4a31ef8]
Event: 74,774 Thread 0xb694a000  403             sun.util.logging.PlatformLogger$Level::valueOf (152 bytes)
Event: 74,774 Thread 0xb694a000 nmethod 403 0xb4a31f88 code [0xb4a320d0, 0xb4a32314]
Event: 74,774 Thread 0xb694a000  404             sun.util.logging.PlatformLogger::isLoggable (38 bytes)
Event: 74,775 Thread 0xb694a000 nmethod 404 0xb4a32488 code [0xb4a325b0, 0xb4a326e4]
Event: 75,474 Thread 0xb694a000  405   !         sun.awt.X11.XToolkit::callTimeoutTasks (220 bytes)
Event: 75,476 Thread 0xb694a000 nmethod 405 0xb4a327c8 code [0xb4a32ac0, 0xb4a3350c]
Event: 75,574 Thread 0xb694a000  406   !         sun.awt.X11.XToolkit::getNextTaskTime (55 bytes)
Event: 75,574 Thread 0xb694a000 nmethod 406 0xb4a34648 code [0xb4a347e0, 0xb4a34b18]

GC Heap History (6 events):
Event: 0,679 GC heap before
{Heap before GC invocations=0 (full 0):
 def new generation   total 4928K, used 4416K [0x7eb40000, 0x7f090000, 0x84090000)
  eden space 4416K, 100% used [0x7eb40000, 0x7ef90000, 0x7ef90000)
  from space 512K,   0% used [0x7ef90000, 0x7ef90000, 0x7f010000)
  to   space 512K,   0% used [0x7f010000, 0x7f010000, 0x7f090000)
 tenured generation   total 10944K, used 0K [0x84090000, 0x84b40000, 0x8eb40000)
   the space 10944K,   0% used [0x84090000, 0x84090000, 0x84090200, 0x84b40000)
 compacting perm gen  total 12288K, used 1001K [0x8eb40000, 0x8f740000, 0x92b40000)
   the space 12288K,   8% used [0x8eb40000, 0x8ec3a720, 0x8ec3a800, 0x8f740000)
    ro space 10240K,  45% used [0x92b40000, 0x92fc88f8, 0x92fc8a00, 0x93540000)
    rw space 12288K,  57% used [0x93540000, 0x93c1b998, 0x93c1ba00, 0x94140000)
Event: 0,686 GC heap after
Heap after GC invocations=1 (full 0):
 def new generation   total 4928K, used 512K [0x7eb40000, 0x7f090000, 0x84090000)
  eden space 4416K,   0% used [0x7eb40000, 0x7eb40000, 0x7ef90000)
  from space 512K, 100% used [0x7f010000, 0x7f090000, 0x7f090000)
  to   space 512K,   0% used [0x7ef90000, 0x7ef90000, 0x7f010000)
 tenured generation   total 10944K, used 602K [0x84090000, 0x84b40000, 0x8eb40000)
   the space 10944K,   5% used [0x84090000, 0x84126a80, 0x84126c00, 0x84b40000)
 compacting perm gen  total 12288K, used 1001K [0x8eb40000, 0x8f740000, 0x92b40000)
   the space 12288K,   8% used [0x8eb40000, 0x8ec3a720, 0x8ec3a800, 0x8f740000)
    ro space 10240K,  45% used [0x92b40000, 0x92fc88f8, 0x92fc8a00, 0x93540000)
    rw space 12288K,  57% used [0x93540000, 0x93c1b998, 0x93c1ba00, 0x94140000)
}
Event: 0,858 GC heap before
{Heap before GC invocations=1 (full 0):
 def new generation   total 4928K, used 4718K [0x7eb40000, 0x7f090000, 0x84090000)
  eden space 4416K,  95% used [0x7eb40000, 0x7ef5b970, 0x7ef90000)
  from space 512K, 100% used [0x7f010000, 0x7f090000, 0x7f090000)
  to   space 512K,   0% used [0x7ef90000, 0x7ef90000, 0x7f010000)
 tenured generation   total 10944K, used 602K [0x84090000, 0x84b40000, 0x8eb40000)
   the space 10944K,   5% used [0x84090000, 0x84126a80, 0x84126c00, 0x84b40000)
 compacting perm gen  total 12288K, used 2002K [0x8eb40000, 0x8f740000, 0x92b40000)
   the space 12288K,  16% used [0x8eb40000, 0x8ed348f8, 0x8ed34a00, 0x8f740000)
    ro space 10240K,  45% used [0x92b40000, 0x92fc88f8, 0x92fc8a00, 0x93540000)
    rw space 12288K,  57% used [0x93540000, 0x93c1b998, 0x93c1ba00, 0x94140000)
Event: 0,864 GC heap after
Heap after GC invocations=2 (full 0):
 def new generation   total 4928K, used 512K [0x7eb40000, 0x7f090000, 0x84090000)
  eden space 4416K,   0% used [0x7eb40000, 0x7eb40000, 0x7ef90000)
  from space 512K, 100% used [0x7ef90000, 0x7f010000, 0x7f010000)
  to   space 512K,   0% used [0x7f010000, 0x7f010000, 0x7f090000)
 tenured generation   total 10944K, used 1648K [0x84090000, 0x84b40000, 0x8eb40000)
   the space 10944K,  15% used [0x84090000, 0x8422c048, 0x8422c200, 0x84b40000)
 compacting perm gen  total 12288K, used 2002K [0x8eb40000, 0x8f740000, 0x92b40000)
   the space 12288K,  16% used [0x8eb40000, 0x8ed348f8, 0x8ed34a00, 0x8f740000)
    ro space 10240K,  45% used [0x92b40000, 0x92fc88f8, 0x92fc8a00, 0x93540000)
    rw space 12288K,  57% used [0x93540000, 0x93c1b998, 0x93c1ba00, 0x94140000)
}
Event: 154,883 GC heap before
{Heap before GC invocations=2 (full 0):
 def new generation   total 4928K, used 4928K [0x7eb40000, 0x7f090000, 0x84090000)
  eden space 4416K, 100% used [0x7eb40000, 0x7ef90000, 0x7ef90000)
  from space 512K, 100% used [0x7ef90000, 0x7f010000, 0x7f010000)
  to   space 512K,   0% used [0x7f010000, 0x7f010000, 0x7f090000)
 tenured generation   total 10944K, used 1648K [0x84090000, 0x84b40000, 0x8eb40000)
   the space 10944K,  15% used [0x84090000, 0x8422c048, 0x8422c200, 0x84b40000)
 compacting perm gen  total 12288K, used 2085K [0x8eb40000, 0x8f740000, 0x92b40000)
   the space 12288K,  16% used [0x8eb40000, 0x8ed49468, 0x8ed49600, 0x8f740000)
    ro space 10240K,  45% used [0x92b40000, 0x92fc88f8, 0x92fc8a00, 0x93540000)
    rw space 12288K,  57% used [0x93540000, 0x93c1b998, 0x93c1ba00, 0x94140000)
Event: 154,887 GC heap after
Heap after GC invocations=3 (full 0):
 def new generation   total 4928K, used 124K [0x7eb40000, 0x7f090000, 0x84090000)
  eden space 4416K,   0% used [0x7eb40000, 0x7eb40000, 0x7ef90000)
  from space 512K,  24% used [0x7f010000, 0x7f02f0f0, 0x7f090000)
  to   space 512K,   0% used [0x7ef90000, 0x7ef90000, 0x7f010000)
 tenured generation   total 10944K, used 2098K [0x84090000, 0x84b40000, 0x8eb40000)
   the space 10944K,  19% used [0x84090000, 0x8429c808, 0x8429ca00, 0x84b40000)
 compacting perm gen  total 12288K, used 2085K [0x8eb40000, 0x8f740000, 0x92b40000)
   the space 12288K,  16% used [0x8eb40000, 0x8ed49468, 0x8ed49600, 0x8f740000)
    ro space 10240K,  45% used [0x92b40000, 0x92fc88f8, 0x92fc8a00, 0x93540000)
    rw space 12288K,  57% used [0x93540000, 0x93c1b998, 0x93c1ba00, 0x94140000)
}

Deoptimization events (0 events):
No events

Internal exceptions (10 events):
Event: 0,875 Thread 0xb2a8b400 Threw 0x7ebacad8 at /HUDSON/workspace/7u-2-build-linux-i586/jdk7u51/527/hotspot/src/share/vm/prims/jvm.cpp:1244
Event: 0,875 Thread 0xb2a8b400 Threw 0x7ebb11f8 at /HUDSON/workspace/7u-2-build-linux-i586/jdk7u51/527/hotspot/src/share/vm/prims/jvm.cpp:1244
Event: 0,876 Thread 0xb2a8b400 Threw 0x7ebb5340 at /HUDSON/workspace/7u-2-build-linux-i586/jdk7u51/527/hotspot/src/share/vm/prims/jvm.cpp:1244
Event: 0,877 Thread 0xb2a8b400 Threw 0x7ebc8788 at /HUDSON/workspace/7u-2-build-linux-i586/jdk7u51/527/hotspot/src/share/vm/prims/jvm.cpp:1244
Event: 0,885 Thread 0xb2a8b400 Threw 0x7ec84380 at /HUDSON/workspace/7u-2-build-linux-i586/jdk7u51/527/hotspot/src/share/vm/prims/jvm.cpp:1244
Event: 0,888 Thread 0xb2a8b400 Threw 0x7eccad88 at /HUDSON/workspace/7u-2-build-linux-i586/jdk7u51/527/hotspot/src/share/vm/prims/jvm.cpp:1244
Event: 0,888 Thread 0xb2a8b400 Threw 0x7eccecf8 at /HUDSON/workspace/7u-2-build-linux-i586/jdk7u51/527/hotspot/src/share/vm/prims/jvm.cpp:1244
Event: 1,217 Thread 0xb2a8b400 Threw 0x7ecd47e0 at /HUDSON/workspace/7u-2-build-linux-i586/jdk7u51/527/hotspot/src/share/vm/prims/jvm.cpp:1244
Event: 14,130 Thread 0xb2a8b400 Threw 0x7ed26578 at /HUDSON/workspace/7u-2-build-linux-i586/jdk7u51/527/hotspot/src/share/vm/prims/jvm.cpp:1244
Event: 14,133 Thread 0xb2a8b400 Threw 0x7ed2aab0 at /HUDSON/workspace/7u-2-build-linux-i586/jdk7u51/527/hotspot/src/share/vm/prims/jvm.cpp:1244

Events (10 events):
Event: 154,883 Executing VM operation: GenCollectForAllocation
Event: 154,887 Executing VM operation: GenCollectForAllocation done
Event: 154,888 Executing VM operation: RevokeBias
Event: 154,888 Executing VM operation: RevokeBias done
Event: 154,888 Executing VM operation: RevokeBias
Event: 154,888 Executing VM operation: RevokeBias done
Event: 154,888 Executing VM operation: RevokeBias
Event: 154,888 Executing VM operation: RevokeBias done
Event: 154,888 Executing VM operation: RevokeBias
Event: 154,888 Executing VM operation: RevokeBias done


Dynamic libraries:
08048000-08049000 r-xp 00000000 08:01 319959     /opt/java/32/jre1.7.0_51/bin/java
08049000-0804a000 rw-p 00000000 08:01 319959     /opt/java/32/jre1.7.0_51/bin/java
08713000-08734000 rw-p 00000000 00:00 0          [heap]
7eb40000-7f090000 rw-p 00000000 00:00 0 
7f090000-84090000 rw-p 00000000 00:00 0 
84090000-84b40000 rw-p 00000000 00:00 0 
84b40000-8eb40000 rw-p 00000000 00:00 0 
8eb40000-8f740000 rw-p 00000000 00:00 0 
8f740000-92b40000 rw-p 00000000 00:00 0 
92b40000-92fc9000 r--p 00001000 08:01 320027     /opt/java/32/jre1.7.0_51/lib/i386/client/classes.jsa
92fc9000-93540000 rw-p 00000000 00:00 0 
93540000-93c1c000 rw-p 0048a000 08:01 320027     /opt/java/32/jre1.7.0_51/lib/i386/client/classes.jsa
93c1c000-94140000 rw-p 00000000 00:00 0 
94140000-943df000 rw-p 00b66000 08:01 320027     /opt/java/32/jre1.7.0_51/lib/i386/client/classes.jsa
943df000-94540000 rw-p 00000000 00:00 0 
94540000-94549000 r-xp 00e05000 08:01 320027     /opt/java/32/jre1.7.0_51/lib/i386/client/classes.jsa
94549000-94940000 rw-p 00000000 00:00 0 
b0a00000-b0aa5000 rw-p 00000000 00:00 0 
b0aa5000-b0b00000 ---p 00000000 00:00 0 
b0c00000-b0cfd000 rw-p 00000000 00:00 0 
b0cfd000-b0d00000 ---p 00000000 00:00 0 
b0d00000-b0df0000 rw-p 00000000 00:00 0 
b0df0000-b0e00000 ---p 00000000 00:00 0 
b0e00000-b0f00000 rw-p 00000000 00:00 0 
b0fc5000-b1200000 rw-p 00000000 00:00 0 
b1200000-b1300000 rw-p 00000000 00:00 0 
b133b000-b139b000 rw-s 1537c000 00:05 1020       /dev/dri/card0
b139b000-b13fb000 rw-s 152bc000 00:05 1020       /dev/dri/card0
b13fb000-b2100000 rw-p 00000000 00:00 0 
b2100000-b21ff000 rw-p 00000000 00:00 0 
b21ff000-b2200000 ---p 00000000 00:00 0 
b2216000-b226d000 rw-p 00000000 00:00 0 
b22a1000-b2301000 rw-s 1531c000 00:05 1020       /dev/dri/card0
b2301000-b2318000 r-xp 00000000 08:01 953        /lib/i386-linux-gnu/libz.so.1.2.7
b2318000-b2319000 r--p 00016000 08:01 953        /lib/i386-linux-gnu/libz.so.1.2.7
b2319000-b231a000 rw-p 00017000 08:01 953        /lib/i386-linux-gnu/libz.so.1.2.7
b231a000-b2323000 r-xp 00000000 08:01 394360     /usr/lib/i386-linux-gnu/libpciaccess.so.0.11.1
b2323000-b2324000 r--p 00008000 08:01 394360     /usr/lib/i386-linux-gnu/libpciaccess.so.0.11.1
b2324000-b2325000 rw-p 00009000 08:01 394360     /usr/lib/i386-linux-gnu/libpciaccess.so.0.11.1
b2325000-b2346000 r-xp 00000000 08:01 444471     /usr/lib/i386-linux-gnu/libdrm_intel.so.1.0.0
b2346000-b2347000 r--p 00020000 08:01 444471     /usr/lib/i386-linux-gnu/libdrm_intel.so.1.0.0
b2347000-b2348000 rw-p 00021000 08:01 444471     /usr/lib/i386-linux-gnu/libdrm_intel.so.1.0.0
b2348000-b236d000 r-xp 00000000 08:01 824        /lib/i386-linux-gnu/libexpat.so.1.6.0
b236d000-b236f000 r--p 00025000 08:01 824        /lib/i386-linux-gnu/libexpat.so.1.6.0
b236f000-b2370000 rw-p 00027000 08:01 824        /lib/i386-linux-gnu/libexpat.so.1.6.0
b2370000-b2707000 r-xp 00000000 08:01 444534     /usr/lib/i386-linux-gnu/libdricore9.1.7.so.1.0.0
b2707000-b2708000 ---p 00397000 08:01 444534     /usr/lib/i386-linux-gnu/libdricore9.1.7.so.1.0.0
b2708000-b2711000 r--p 00397000 08:01 444534     /usr/lib/i386-linux-gnu/libdricore9.1.7.so.1.0.0
b2711000-b2716000 rw-p 003a0000 08:01 444534     /usr/lib/i386-linux-gnu/libdricore9.1.7.so.1.0.0
b2716000-b272b000 rw-p 00000000 00:00 0 
b272b000-b27ff000 r-xp 00000000 08:01 444531     /usr/lib/i386-linux-gnu/dri/i965_dri.so
b27ff000-b2801000 r--p 000d4000 08:01 444531     /usr/lib/i386-linux-gnu/dri/i965_dri.so
b2801000-b2802000 rw-p 000d6000 08:01 444531     /usr/lib/i386-linux-gnu/dri/i965_dri.so
b2802000-b2803000 rw-p 00000000 00:00 0 
b2803000-b280e000 r-xp 00000000 08:01 444459     /usr/lib/i386-linux-gnu/libdrm.so.2.4.0
b280e000-b280f000 r--p 0000a000 08:01 444459     /usr/lib/i386-linux-gnu/libdrm.so.2.4.0
b280f000-b2810000 rw-p 0000b000 08:01 444459     /usr/lib/i386-linux-gnu/libdrm.so.2.4.0
b2810000-b2826000 r-xp 00000000 08:01 394023     /usr/lib/i386-linux-gnu/libxcb-glx.so.0.0.0
b2826000-b2827000 r--p 00016000 08:01 394023     /usr/lib/i386-linux-gnu/libxcb-glx.so.0.0.0
b2827000-b2828000 rw-p 00017000 08:01 394023     /usr/lib/i386-linux-gnu/libxcb-glx.so.0.0.0
b2828000-b2837000 r-xp 00000000 08:01 394275     /usr/lib/i386-linux-gnu/libglapi.so.0.0.0
b2837000-b2838000 ---p 0000f000 08:01 394275     /usr/lib/i386-linux-gnu/libglapi.so.0.0.0
b2838000-b283a000 r--p 0000f000 08:01 394275     /usr/lib/i386-linux-gnu/libglapi.so.0.0.0
b283a000-b283f000 rwxp 00011000 08:01 394275     /usr/lib/i386-linux-gnu/libglapi.so.0.0.0
b283f000-b2891000 r-xp 00000000 08:01 420141     /usr/lib/i386-linux-gnu/mesa/libGL.so.1.2.0
b2891000-b2893000 r--p 00051000 08:01 420141     /usr/lib/i386-linux-gnu/mesa/libGL.so.1.2.0
b2893000-b2897000 rwxp 00053000 08:01 420141     /usr/lib/i386-linux-gnu/mesa/libGL.so.1.2.0
b2897000-b2898000 rwxp 00000000 00:00 0 
b28ae000-b28b1000 ---p 00000000 00:00 0 
b28b1000-b28ff000 rw-p 00000000 00:00 0          [stack:18761]
b28ff000-b2900000 ---p 00000000 00:00 0 
b2900000-b2a00000 rw-p 00000000 00:00 0          [stack:18760]
b2a00000-b2af3000 rw-p 00000000 00:00 0 
b2af3000-b2b00000 ---p 00000000 00:00 0 
b2b03000-b2b06000 ---p 00000000 00:00 0 
b2b06000-b2b1a000 rw-p 00000000 00:00 0 
b2b1a000-b2b2a000 rw-s 00000000 00:04 112951306  /SYSV0056a4d6 (deleted)
b2b2a000-b2c17000 r-xp 00000000 08:01 420134     /usr/lib/i386-linux-gnu/libasound.so.2.0.0
b2c17000-b2c1b000 r--p 000ec000 08:01 420134     /usr/lib/i386-linux-gnu/libasound.so.2.0.0
b2c1b000-b2c1c000 rw-p 000f0000 08:01 420134     /usr/lib/i386-linux-gnu/libasound.so.2.0.0
b2c20000-b2c21000 rw-s 00000000 00:04 263280     /drm mm object (deleted)
b2c21000-b2c22000 rw-s 00000000 00:04 262206     /drm mm object (deleted)
b2c22000-b2c32000 rw-s 00000000 00:05 8579       /dev/snd/pcmC0D0p
b2c32000-b2c33000 ---p 00000000 00:00 0 
b2c33000-b3433000 rw-p 00000000 00:00 0 
b3433000-b3446000 r-xp 00000000 08:01 19212      /lib/i386-linux-gnu/libresolv-2.17.so
b3446000-b3447000 r--p 00013000 08:01 19212      /lib/i386-linux-gnu/libresolv-2.17.so
b3447000-b3448000 rw-p 00014000 08:01 19212      /lib/i386-linux-gnu/libresolv-2.17.so
b3448000-b344a000 rw-p 00000000 00:00 0 
b344a000-b3450000 r-xp 00000000 08:01 394330     /usr/lib/i386-linux-gnu/libogg.so.0.8.0
b3450000-b3451000 r--p 00005000 08:01 394330     /usr/lib/i386-linux-gnu/libogg.so.0.8.0
b3451000-b3452000 rw-p 00006000 08:01 394330     /usr/lib/i386-linux-gnu/libogg.so.0.8.0
b3452000-b347b000 r-xp 00000000 08:01 394510     /usr/lib/i386-linux-gnu/libvorbis.so.0.4.5
b347b000-b347c000 ---p 00029000 08:01 394510     /usr/lib/i386-linux-gnu/libvorbis.so.0.4.5
b347c000-b347d000 r--p 00029000 08:01 394510     /usr/lib/i386-linux-gnu/libvorbis.so.0.4.5
b347d000-b347e000 rw-p 0002a000 08:01 394510     /usr/lib/i386-linux-gnu/libvorbis.so.0.4.5
b347e000-b35e4000 r-xp 00000000 08:01 394512     /usr/lib/i386-linux-gnu/libvorbisenc.so.2.0.8
b35e4000-b35f5000 r--p 00165000 08:01 394512     /usr/lib/i386-linux-gnu/libvorbisenc.so.2.0.8
b35f5000-b35f6000 rw-p 00176000 08:01 394512     /usr/lib/i386-linux-gnu/libvorbisenc.so.2.0.8
b35f6000-b3644000 r-xp 00000000 08:01 393781     /usr/lib/i386-linux-gnu/libFLAC.so.8.2.0
b3644000-b3645000 r--p 0004e000 08:01 393781     /usr/lib/i386-linux-gnu/libFLAC.so.8.2.0
b3645000-b3646000 rw-p 0004f000 08:01 393781     /usr/lib/i386-linux-gnu/libFLAC.so.8.2.0
b3646000-b364b000 r-xp 00000000 08:01 393870     /usr/lib/i386-linux-gnu/libasyncns.so.0.3.1
b364b000-b364c000 r--p 00004000 08:01 393870     /usr/lib/i386-linux-gnu/libasyncns.so.0.3.1
b364c000-b364d000 rw-p 00005000 08:01 393870     /usr/lib/i386-linux-gnu/libasyncns.so.0.3.1
b364d000-b36ba000 r-xp 00000000 08:01 394438     /usr/lib/i386-linux-gnu/libsndfile.so.1.0.25
b36ba000-b36bc000 r--p 0006c000 08:01 394438     /usr/lib/i386-linux-gnu/libsndfile.so.1.0.25
b36bc000-b36bd000 rw-p 0006e000 08:01 394438     /usr/lib/i386-linux-gnu/libsndfile.so.1.0.25
b36bd000-b36c1000 rw-p 00000000 00:00 0 
b36c1000-b36c9000 r-xp 00000000 08:01 951        /lib/i386-linux-gnu/libwrap.so.0.7.6
b36c9000-b36ca000 r--p 00007000 08:01 951        /lib/i386-linux-gnu/libwrap.so.0.7.6
b36ca000-b36cb000 rw-p 00008000 08:01 951        /lib/i386-linux-gnu/libwrap.so.0.7.6
b36cb000-b3713000 r-xp 00000000 08:01 17735      /lib/i386-linux-gnu/libdbus-1.so.3.7.2
b3713000-b3714000 r--p 00047000 08:01 17735      /lib/i386-linux-gnu/libdbus-1.so.3.7.2
b3714000-b3715000 rw-p 00048000 08:01 17735      /lib/i386-linux-gnu/libdbus-1.so.3.7.2
b3715000-b377e000 r-xp 00000000 08:01 395400     /usr/lib/i386-linux-gnu/pulseaudio/libpulsecommon-3.0.so
b377e000-b377f000 r--p 00068000 08:01 395400     /usr/lib/i386-linux-gnu/pulseaudio/libpulsecommon-3.0.so
b377f000-b3780000 rw-p 00069000 08:01 395400     /usr/lib/i386-linux-gnu/pulseaudio/libpulsecommon-3.0.so
b3780000-b3788000 r-xp 00000000 08:01 844        /lib/i386-linux-gnu/libjson.so.0.1.0
b3788000-b3789000 r--p 00007000 08:01 844        /lib/i386-linux-gnu/libjson.so.0.1.0
b3789000-b378a000 rw-p 00008000 08:01 844        /lib/i386-linux-gnu/libjson.so.0.1.0
b378a000-b37d6000 r-xp 00000000 08:01 394394     /usr/lib/i386-linux-gnu/libpulse.so.0.15.3
b37d6000-b37d7000 ---p 0004c000 08:01 394394     /usr/lib/i386-linux-gnu/libpulse.so.0.15.3
b37d7000-b37d8000 r--p 0004c000 08:01 394394     /usr/lib/i386-linux-gnu/libpulse.so.0.15.3
b37d8000-b37d9000 rw-p 0004d000 08:01 394394     /usr/lib/i386-linux-gnu/libpulse.so.0.15.3
b37d9000-b3827000 r-xp 00000000 08:01 266680     /tmp/libgdxeka/417985b7/libopenal.so (deleted)
b3827000-b3829000 r--p 0004d000 08:01 266680     /tmp/libgdxeka/417985b7/libopenal.so (deleted)
b3829000-b382a000 rw-p 0004f000 08:01 266680     /tmp/libgdxeka/417985b7/libopenal.so (deleted)
b382a000-b3833000 r-xp 00000000 08:01 393830     /usr/lib/i386-linux-gnu/libXrandr.so.2.2.0
b3833000-b3834000 r--p 00008000 08:01 393830     /usr/lib/i386-linux-gnu/libXrandr.so.2.2.0
b3834000-b3835000 rw-p 00009000 08:01 393830     /usr/lib/i386-linux-gnu/libXrandr.so.2.2.0
b3835000-b3890000 r-xp 00000000 08:01 266675     /tmp/libgdxeka/417985b7/liblwjgl.so (deleted)
b3890000-b3891000 ---p 0005b000 08:01 266675     /tmp/libgdxeka/417985b7/liblwjgl.so (deleted)
b3891000-b3892000 r--p 0005b000 08:01 266675     /tmp/libgdxeka/417985b7/liblwjgl.so (deleted)
b3892000-b3893000 rw-p 0005c000 08:01 266675     /tmp/libgdxeka/417985b7/liblwjgl.so (deleted)
b3893000-b3896000 ---p 00000000 00:00 0 
b3896000-b38e4000 rw-p 00000000 00:00 0          [stack:18757]
b38e4000-b38e9000 r-xp 00000000 08:01 394541     /usr/lib/i386-linux-gnu/libXfixes.so.3.1.0
b38e9000-b38ea000 r--p 00004000 08:01 394541     /usr/lib/i386-linux-gnu/libXfixes.so.3.1.0
b38ea000-b38eb000 rw-p 00005000 08:01 394541     /usr/lib/i386-linux-gnu/libXfixes.so.3.1.0
b38eb000-b38f4000 r-xp 00000000 08:01 393836     /usr/lib/i386-linux-gnu/libXcursor.so.1.0.2
b38f4000-b38f5000 r--p 00008000 08:01 393836     /usr/lib/i386-linux-gnu/libXcursor.so.1.0.2
b38f5000-b38f6000 rw-p 00009000 08:01 393836     /usr/lib/i386-linux-gnu/libXcursor.so.1.0.2
b38f6000-b38f9000 ---p 00000000 00:00 0 
b38f9000-b3947000 rw-p 00000000 00:00 0          [stack:18756]
b3947000-b394c000 r-xp 00000000 08:01 393815     /usr/lib/i386-linux-gnu/libXdmcp.so.6.0.0
b394c000-b394d000 r--p 00004000 08:01 393815     /usr/lib/i386-linux-gnu/libXdmcp.so.6.0.0
b394d000-b394e000 rw-p 00005000 08:01 393815     /usr/lib/i386-linux-gnu/libXdmcp.so.6.0.0
b394e000-b396e000 r-xp 00000000 08:01 399910     /usr/lib/i386-linux-gnu/libxcb.so.1.1.0
b396e000-b396f000 r--p 0001f000 08:01 399910     /usr/lib/i386-linux-gnu/libxcb.so.1.1.0
b396f000-b3970000 rw-p 00020000 08:01 399910     /usr/lib/i386-linux-gnu/libxcb.so.1.1.0
b3970000-b397e000 r-xp 00000000 08:01 393810     /usr/lib/i386-linux-gnu/libXi.so.6.1.0
b397e000-b397f000 r--p 0000d000 08:01 393810     /usr/lib/i386-linux-gnu/libXi.so.6.1.0
b397f000-b3980000 rw-p 0000e000 08:01 393810     /usr/lib/i386-linux-gnu/libXi.so.6.1.0
b3980000-b3ab3000 r-xp 00000000 08:01 394551     /usr/lib/i386-linux-gnu/libX11.so.6.3.0
b3ab3000-b3ab4000 r--p 00132000 08:01 394551     /usr/lib/i386-linux-gnu/libX11.so.6.3.0
b3ab4000-b3ab7000 rw-p 00133000 08:01 394551     /usr/lib/i386-linux-gnu/libX11.so.6.3.0
b3ab7000-b3ac7000 r-xp 00000000 08:01 393799     /usr/lib/i386-linux-gnu/libXext.so.6.4.0
b3ac7000-b3ac8000 r--p 0000f000 08:01 393799     /usr/lib/i386-linux-gnu/libXext.so.6.4.0
b3ac8000-b3ac9000 rw-p 00010000 08:01 393799     /usr/lib/i386-linux-gnu/libXext.so.6.4.0
b3ac9000-b3b12000 r-xp 00000000 08:01 319658     /opt/java/32/jre1.7.0_51/lib/i386/xawt/libmawt.so
b3b12000-b3b14000 rw-p 00049000 08:01 319658     /opt/java/32/jre1.7.0_51/lib/i386/xawt/libmawt.so
b3b14000-b3b15000 rw-p 00000000 00:00 0 
b3b15000-b3b9b000 r-xp 00000000 08:01 319654     /opt/java/32/jre1.7.0_51/lib/i386/libawt.so
b3b9b000-b3ba2000 rw-p 00086000 08:01 319654     /opt/java/32/jre1.7.0_51/lib/i386/libawt.so
b3ba2000-b3bc6000 rw-p 00000000 00:00 0 
b3bc6000-b3be1000 r-xp 00000000 08:01 829        /lib/i386-linux-gnu/libgcc_s.so.1
b3be1000-b3be2000 r--p 0001a000 08:01 829        /lib/i386-linux-gnu/libgcc_s.so.1
b3be2000-b3be3000 rw-p 0001b000 08:01 829        /lib/i386-linux-gnu/libgcc_s.so.1
b3be3000-b3cbf000 r-xp 00000000 08:01 394454     /usr/lib/i386-linux-gnu/libstdc++.so.6.0.17
b3cbf000-b3cc0000 ---p 000dc000 08:01 394454     /usr/lib/i386-linux-gnu/libstdc++.so.6.0.17
b3cc0000-b3cc4000 r--p 000dc000 08:01 394454     /usr/lib/i386-linux-gnu/libstdc++.so.6.0.17
b3cc4000-b3cc5000 rw-p 000e0000 08:01 394454     /usr/lib/i386-linux-gnu/libstdc++.so.6.0.17
b3cc5000-b3ccc000 rw-p 00000000 00:00 0 
b3ccc000-b3d3e000 r-xp 00000000 08:01 266511     /tmp/libgdxeka/2535ec09/libgdx.so
b3d3e000-b3d3f000 r--p 00072000 08:01 266511     /tmp/libgdxeka/2535ec09/libgdx.so
b3d3f000-b3d40000 rw-p 00073000 08:01 266511     /tmp/libgdxeka/2535ec09/libgdx.so
b3d40000-b3d41000 ---p 00000000 00:00 0 
b3d41000-b3dc1000 rw-p 00000000 00:00 0          [stack:18755]
b3dc1000-b3dc4000 ---p 00000000 00:00 0 
b3dc4000-b3e12000 rw-p 00000000 00:00 0          [stack:18754]
b3e12000-b3fcf000 r--s 031a3000 08:01 318856     /opt/java/32/jre1.7.0_51/lib/rt.jar
b3fcf000-b4100000 r--p 001ca000 08:01 395793     /usr/lib/locale/locale-archive
b4100000-b4300000 r--p 00000000 08:01 395793     /usr/lib/locale/locale-archive
b4300000-b4321000 rw-p 00000000 00:00 0 
b4321000-b4400000 ---p 00000000 00:00 0 
b4400000-b4405000 r-xp 00000000 08:01 393840     /usr/lib/i386-linux-gnu/libXtst.so.6.1.0
b4405000-b4406000 r--p 00004000 08:01 393840     /usr/lib/i386-linux-gnu/libXtst.so.6.1.0
b4406000-b4407000 rw-p 00005000 08:01 393840     /usr/lib/i386-linux-gnu/libXtst.so.6.1.0
b4407000-b4408000 rwxp 00000000 00:00 0 
b4408000-b440b000 r-xp 00000000 08:01 393797     /usr/lib/i386-linux-gnu/libxcb-dri2.so.0.0.0
b440b000-b440c000 r--p 00003000 08:01 393797     /usr/lib/i386-linux-gnu/libxcb-dri2.so.0.0.0
b440c000-b440d000 rw-p 00004000 08:01 393797     /usr/lib/i386-linux-gnu/libxcb-dri2.so.0.0.0
b440d000-b440e000 r-xp 00000000 08:01 393782     /usr/lib/i386-linux-gnu/libX11-xcb.so.1.0.0
b440e000-b440f000 r--p 00000000 08:01 393782     /usr/lib/i386-linux-gnu/libX11-xcb.so.1.0.0
b440f000-b4410000 rw-p 00001000 08:01 393782     /usr/lib/i386-linux-gnu/libX11-xcb.so.1.0.0
b4410000-b4412000 r-xp 00000000 08:01 393813     /usr/lib/i386-linux-gnu/libXdamage.so.1.1.0
b4412000-b4413000 r--p 00001000 08:01 393813     /usr/lib/i386-linux-gnu/libXdamage.so.1.1.0
b4413000-b4414000 rw-p 00002000 08:01 393813     /usr/lib/i386-linux-gnu/libXdamage.so.1.1.0
b4414000-b4415000 rw-s 81000000 00:05 8579       /dev/snd/pcmC0D0p
b4415000-b4416000 r--s 80000000 00:05 8579       /dev/snd/pcmC0D0p
b4416000-b441d000 r--s 00000000 08:01 441061     /usr/lib/i386-linux-gnu/gconv/gconv-modules.cache
b441d000-b442e000 r--s 0012b000 08:06 4590828    /home/eka/workspace/CrashLanding-desktop/libs/gdx-backend-lwjgl.jar
b442e000-b4431000 ---p 00000000 00:00 0 
b4431000-b44af000 rw-p 00000000 00:00 0          [stack:18753]
b44af000-b44b2000 ---p 00000000 00:00 0 
b44b2000-b4500000 rw-p 00000000 00:00 0          [stack:18752]
b4500000-b45bf000 rw-p 00000000 00:00 0 
b45bf000-b4600000 ---p 00000000 00:00 0 
b4600000-b4604000 r-xp 00000000 08:01 393818     /usr/lib/i386-linux-gnu/libXxf86vm.so.1.0.0
b4604000-b4605000 r--p 00003000 08:01 393818     /usr/lib/i386-linux-gnu/libXxf86vm.so.1.0.0
b4605000-b4606000 rw-p 00004000 08:01 393818     /usr/lib/i386-linux-gnu/libXxf86vm.so.1.0.0
b4606000-b460e000 r-xp 00000000 08:01 394547     /usr/lib/i386-linux-gnu/libXrender.so.1.3.0
b460e000-b460f000 r--p 00008000 08:01 394547     /usr/lib/i386-linux-gnu/libXrender.so.1.3.0
b460f000-b4610000 rw-p 00009000 08:01 394547     /usr/lib/i386-linux-gnu/libXrender.so.1.3.0
b4610000-b465b000 rw-p 00000000 00:00 0 
b465b000-b465e000 ---p 00000000 00:00 0 
b465e000-b46ac000 rw-p 00000000 00:00 0          [stack:18751]
b46ac000-b46af000 ---p 00000000 00:00 0 
b46af000-b46fd000 rw-p 00000000 00:00 0          [stack:18750]
b46fd000-b46fe000 ---p 00000000 00:00 0 
b46fe000-b4784000 rw-p 00000000 00:00 0          [stack:18749]
b4784000-b47d4000 rw-p 00000000 00:00 0 
b47d4000-b47d7000 rw-p 00000000 00:00 0 
b47d7000-b47fe000 rw-p 00000000 00:00 0 
b47fe000-b4804000 rw-p 00000000 00:00 0 
b4804000-b4854000 rw-p 00000000 00:00 0 
b4854000-b485a000 rw-p 00000000 00:00 0 
b485a000-b4874000 rw-p 00000000 00:00 0 
b4874000-b4885000 rw-p 00000000 00:00 0 
b4885000-b4900000 rw-p 00000000 00:00 0 
b4900000-b4a38000 rwxp 00000000 00:00 0 
b4a38000-b69fb000 rw-p 00000000 00:00 0 
b69fb000-b6a00000 ---p 00000000 00:00 0 
b6a00000-b6a01000 rw-s 00000000 00:04 112918531  /SYSV0056a4d5 (deleted)
b6a01000-b6a02000 r-xp 00000000 08:01 319699     /opt/java/32/jre1.7.0_51/lib/i386/libjawt.so
b6a02000-b6a03000 rw-p 00000000 08:01 319699     /opt/java/32/jre1.7.0_51/lib/i386/libjawt.so
b6a03000-b6a19000 r--s 00156000 08:06 4590816    /home/eka/workspace/CrashLanding/libs/gdx.jar
b6a19000-b6a20000 rw-p 00000000 00:00 0 
b6a20000-b6a3a000 rw-p 00000000 00:00 0 
b6a3a000-b6a51000 r-xp 00000000 08:01 319713     /opt/java/32/jre1.7.0_51/lib/i386/libzip.so
b6a51000-b6a52000 rw-p 00017000 08:01 319713     /opt/java/32/jre1.7.0_51/lib/i386/libzip.so
b6a52000-b6a5d000 r-xp 00000000 08:01 19372      /lib/i386-linux-gnu/libnss_files-2.17.so
b6a5d000-b6a5e000 r--p 0000a000 08:01 19372      /lib/i386-linux-gnu/libnss_files-2.17.so
b6a5e000-b6a5f000 rw-p 0000b000 08:01 19372      /lib/i386-linux-gnu/libnss_files-2.17.so
b6a5f000-b6a69000 r-xp 00000000 08:01 46059      /lib/i386-linux-gnu/libnss_nis-2.17.so
b6a69000-b6a6a000 r--p 00009000 08:01 46059      /lib/i386-linux-gnu/libnss_nis-2.17.so
b6a6a000-b6a6b000 rw-p 0000a000 08:01 46059      /lib/i386-linux-gnu/libnss_nis-2.17.so
b6a6b000-b6a80000 r-xp 00000000 08:01 18794      /lib/i386-linux-gnu/libnsl-2.17.so
b6a80000-b6a81000 r--p 00014000 08:01 18794      /lib/i386-linux-gnu/libnsl-2.17.so
b6a81000-b6a82000 rw-p 00015000 08:01 18794      /lib/i386-linux-gnu/libnsl-2.17.so
b6a82000-b6a84000 rw-p 00000000 00:00 0 
b6a84000-b6a8b000 r-xp 00000000 08:01 19715      /lib/i386-linux-gnu/libnss_compat-2.17.so
b6a8b000-b6a8c000 r--p 00006000 08:01 19715      /lib/i386-linux-gnu/libnss_compat-2.17.so
b6a8c000-b6a8d000 rw-p 00007000 08:01 19715      /lib/i386-linux-gnu/libnss_compat-2.17.so
b6a8d000-b6a8f000 r-xp 00000000 08:01 393804     /usr/lib/i386-linux-gnu/libXau.so.6.0.0
b6a8f000-b6a90000 r--p 00001000 08:01 393804     /usr/lib/i386-linux-gnu/libXau.so.6.0.0
b6a90000-b6a91000 rw-p 00002000 08:01 393804     /usr/lib/i386-linux-gnu/libXau.so.6.0.0
b6a91000-b6a92000 r--s 00127000 08:06 4590829    /home/eka/workspace/CrashLanding-desktop/libs/gdx-natives.jar
b6a92000-b6a94000 r--s 001a1000 08:06 4590830    /home/eka/workspace/CrashLanding-desktop/libs/gdx-backend-lwjgl-natives.jar
b6a94000-b6a95000 r--p 00935000 08:01 395793     /usr/lib/locale/locale-archive
b6a95000-b6a96000 r--p 00d84000 08:01 395793     /usr/lib/locale/locale-archive
b6a96000-b6aa3000 rw-p 00000000 00:00 0 
b6aa3000-b6ac6000 r-xp 00000000 08:01 319677     /opt/java/32/jre1.7.0_51/lib/i386/libjava.so
b6ac6000-b6ac7000 rw-p 00022000 08:01 319677     /opt/java/32/jre1.7.0_51/lib/i386/libjava.so
b6ac7000-b6ace000 r-xp 00000000 08:01 46058      /lib/i386-linux-gnu/librt-2.17.so
b6ace000-b6acf000 r--p 00006000 08:01 46058      /lib/i386-linux-gnu/librt-2.17.so
b6acf000-b6ad0000 rw-p 00007000 08:01 46058      /lib/i386-linux-gnu/librt-2.17.so
b6ad0000-b6ad3000 ---p 00000000 00:00 0 
b6ad3000-b6b21000 rw-p 00000000 00:00 0          [stack:18745]
b6b21000-b6b62000 r-xp 00000000 08:01 46055      /lib/i386-linux-gnu/libm-2.17.so
b6b62000-b6b63000 r--p 00040000 08:01 46055      /lib/i386-linux-gnu/libm-2.17.so
b6b63000-b6b64000 rw-p 00041000 08:01 46055      /lib/i386-linux-gnu/libm-2.17.so
b6b64000-b70ea000 r-xp 00000000 08:01 319672     /opt/java/32/jre1.7.0_51/lib/i386/client/libjvm.so
b70ea000-b710b000 rw-p 00586000 08:01 319672     /opt/java/32/jre1.7.0_51/lib/i386/client/libjvm.so
b710b000-b752c000 rw-p 00000000 00:00 0 
b752c000-b76da000 r-xp 00000000 08:01 46056      /lib/i386-linux-gnu/libc-2.17.so
b76da000-b76dc000 r--p 001ae000 08:01 46056      /lib/i386-linux-gnu/libc-2.17.so
b76dc000-b76dd000 rw-p 001b0000 08:01 46056      /lib/i386-linux-gnu/libc-2.17.so
b76dd000-b76e0000 rw-p 00000000 00:00 0 
b76e0000-b76e3000 r-xp 00000000 08:01 46061      /lib/i386-linux-gnu/libdl-2.17.so
b76e3000-b76e4000 r--p 00002000 08:01 46061      /lib/i386-linux-gnu/libdl-2.17.so
b76e4000-b76e5000 rw-p 00003000 08:01 46061      /lib/i386-linux-gnu/libdl-2.17.so
b76e5000-b76f8000 r-xp 00000000 08:01 319681     /opt/java/32/jre1.7.0_51/lib/i386/jli/libjli.so
b76f8000-b76f9000 rw-p 00012000 08:01 319681     /opt/java/32/jre1.7.0_51/lib/i386/jli/libjli.so
b76f9000-b76fa000 rw-p 00000000 00:00 0 
b76fa000-b7711000 r-xp 00000000 08:01 46054      /lib/i386-linux-gnu/libpthread-2.17.so
b7711000-b7712000 r--p 00016000 08:01 46054      /lib/i386-linux-gnu/libpthread-2.17.so
b7712000-b7713000 rw-p 00017000 08:01 46054      /lib/i386-linux-gnu/libpthread-2.17.so
b7713000-b7715000 rw-p 00000000 00:00 0 
b7715000-b771d000 rw-s 00000000 08:01 265986     /tmp/hsperfdata_eka/18743
b771d000-b771e000 rw-p 00000000 00:00 0 
b771e000-b771f000 r--p 00000000 00:00 0 
b771f000-b772a000 r-xp 00000000 08:01 319659     /opt/java/32/jre1.7.0_51/lib/i386/libverify.so
b772a000-b772b000 rw-p 0000b000 08:01 319659     /opt/java/32/jre1.7.0_51/lib/i386/libverify.so
b772b000-b772d000 rw-p 00000000 00:00 0 
b772d000-b772e000 r-xp 00000000 00:00 0          [vdso]
b772e000-b774e000 r-xp 00000000 08:01 46057      /lib/i386-linux-gnu/ld-2.17.so
b774e000-b774f000 r--p 0001f000 08:01 46057      /lib/i386-linux-gnu/ld-2.17.so
b774f000-b7750000 rw-p 00020000 08:01 46057      /lib/i386-linux-gnu/ld-2.17.so
bfa93000-bfab4000 rw-p 00000000 00:00 0          [stack]

VM Arguments:
jvm_args: -Dfile.encoding=UTF-8 
java_command: com.balitechy.crashlanding.Main
Launcher Type: SUN_STANDARD

Environment Variables:
PATH=/usr/lib/lightdm/lightdm:/usr/local/sbin:/usr/local/bin:/usr/sbin:/usr/bin:/sbin:/bin:/usr/games:/usr/local/games
LD_LIBRARY_PATH=/opt/java/32/jre1.7.0_51/lib/i386/client:/opt/java/32/jre1.7.0_51/lib/i386:
SHELL=/bin/bash
DISPLAY=:0.0

Signal Handlers:
SIGSEGV: [libjvm.so+0x5047e0], sa_mask[0]=0x7ffbfeff, sa_flags=0x10000004
SIGBUS: [libjvm.so+0x5047e0], sa_mask[0]=0x7ffbfeff, sa_flags=0x10000004
SIGFPE: [libjvm.so+0x3fc850], sa_mask[0]=0x7ffbfeff, sa_flags=0x10000004
SIGPIPE: [libjvm.so+0x3fc850], sa_mask[0]=0x7ffbfeff, sa_flags=0x10000004
SIGXFSZ: [libjvm.so+0x3fc850], sa_mask[0]=0x7ffbfeff, sa_flags=0x10000004
SIGILL: [libjvm.so+0x3fc850], sa_mask[0]=0x7ffbfeff, sa_flags=0x10000004
SIGUSR1: SIG_DFL, sa_mask[0]=0x00000000, sa_flags=0x00000000
SIGUSR2: [libjvm.so+0x3fdd40], sa_mask[0]=0x00000004, sa_flags=0x10000004
SIGHUP: [libjvm.so+0x3fee90], sa_mask[0]=0x7ffbfeff, sa_flags=0x10000004
SIGINT: [libjvm.so+0x3fee90], sa_mask[0]=0x7ffbfeff, sa_flags=0x10000004
SIGTERM: [libjvm.so+0x3fee90], sa_mask[0]=0x7ffbfeff, sa_flags=0x10000004
SIGQUIT: [libjvm.so+0x3fee90], sa_mask[0]=0x7ffbfeff, sa_flags=0x10000004


---------------  S Y S T E M  ---------------

OS:wheezy/sid

uname:Linux 3.8.0-35-generic #50-Ubuntu SMP Tue Dec 3 01:25:33 UTC 2013 i686
libc:glibc 2.17 NPTL 2.17 
rlimit: STACK 8192k, CORE 0k, NPROC 13434, NOFILE 4096, AS infinity
load average:0,10 0,10 0,13

/proc/meminfo:
MemTotal:        1736208 kB
MemFree:          435936 kB
Buffers:           27500 kB
Cached:           404784 kB
SwapCached:        18828 kB
Active:           564396 kB
Inactive:         668716 kB
Active(anon):     405268 kB
Inactive(anon):   520228 kB
Active(file):     159128 kB
Inactive(file):   148488 kB
Unevictable:           4 kB
Mlocked:               4 kB
HighTotal:        877584 kB
HighFree:         111016 kB
LowTotal:         858624 kB
LowFree:          324920 kB
SwapTotal:       2000892 kB
SwapFree:        1882224 kB
Dirty:               772 kB
Writeback:             0 kB
AnonPages:        785912 kB
Mapped:           137380 kB
Shmem:            124636 kB
Slab:              34624 kB
SReclaimable:      20532 kB
SUnreclaim:        14092 kB
KernelStack:        3608 kB
PageTables:        11592 kB
NFS_Unstable:          0 kB
Bounce:                0 kB
WritebackTmp:          0 kB
CommitLimit:     2868996 kB
Committed_AS:    3510048 kB
VmallocTotal:     122880 kB
VmallocUsed:       14096 kB
VmallocChunk:     108076 kB
HardwareCorrupted:     0 kB
AnonHugePages:         0 kB
HugePages_Total:       0
HugePages_Free:        0
HugePages_Rsvd:        0
HugePages_Surp:        0
Hugepagesize:       2048 kB
DirectMap4k:       10232 kB
DirectMap2M:      903168 kB


CPU:total 2 (2 cores per cpu, 1 threads per core) family 6 model 58 stepping 9, cmov, cx8, fxsr, mmx, sse, sse2, sse3, ssse3, sse4.1, sse4.2, popcnt, erms, tsc, tscinvbit, tscinv

/proc/cpuinfo:
processor	: 0
vendor_id	: GenuineIntel
cpu family	: 6
model		: 58
model name	: Intel(R) Pentium(R) CPU G2010 @ 2.80GHz
stepping	: 9
microcode	: 0x15
cpu MHz		: 2800.000
cache size	: 3072 KB
physical id	: 0
siblings	: 2
core id		: 0
cpu cores	: 2
apicid		: 0
initial apicid	: 0
fdiv_bug	: no
hlt_bug		: no
f00f_bug	: no
coma_bug	: no
fpu		: yes
fpu_exception	: yes
cpuid level	: 13
wp		: yes
flags		: fpu vme de pse tsc msr pae mce cx8 apic sep mtrr pge mca cmov pat pse36 clflush dts acpi mmx fxsr sse sse2 ss ht tm pbe nx rdtscp lm constant_tsc arch_perfmon pebs bts xtopology nonstop_tsc aperfmperf eagerfpu pni pclmulqdq dtes64 monitor ds_cpl vmx est tm2 ssse3 cx16 xtpr pdcm pcid sse4_1 sse4_2 popcnt tsc_deadline_timer xsave lahf_lm arat epb xsaveopt pln pts dtherm tpr_shadow vnmi flexpriority ept vpid fsgsbase smep erms
bogomips	: 5587.68
clflush size	: 64
cache_alignment	: 64
address sizes	: 36 bits physical, 48 bits virtual
power management:

processor	: 1
vendor_id	: GenuineIntel
cpu family	: 6
model		: 58
model name	: Intel(R) Pentium(R) CPU G2010 @ 2.80GHz
stepping	: 9
microcode	: 0x15
cpu MHz		: 2800.000
cache size	: 3072 KB
physical id	: 0
siblings	: 2
core id		: 1
cpu cores	: 2
apicid		: 2
initial apicid	: 2
fdiv_bug	: no
hlt_bug		: no
f00f_bug	: no
coma_bug	: no
fpu		: yes
fpu_exception	: yes
cpuid level	: 13
wp		: yes
flags		: fpu vme de pse tsc msr pae mce cx8 apic sep mtrr pge mca cmov pat pse36 clflush dts acpi mmx fxsr sse sse2 ss ht tm pbe nx rdtscp lm constant_tsc arch_perfmon pebs bts xtopology nonstop_tsc aperfmperf eagerfpu pni pclmulqdq dtes64 monitor ds_cpl vmx est tm2 ssse3 cx16 xtpr pdcm pcid sse4_1 sse4_2 popcnt tsc_deadline_timer xsave lahf_lm arat epb xsaveopt pln pts dtherm tpr_shadow vnmi flexpriority ept vpid fsgsbase smep erms
bogomips	: 5587.68
clflush size	: 64
cache_alignment	: 64
address sizes	: 36 bits physical, 48 bits virtual
power management:



Memory: 4k page, physical 1736208k(435936k free), swap 2000892k(1882224k free)

vm_info: Java HotSpot(TM) Client VM (24.51-b03) for linux-x86 JRE (1.7.0_51-b13), built on Dec 18 2013 18:49:34 by "java_re" with gcc 4.3.0 20080428 (Red Hat 4.3.0-8)

time: Sat Feb 22 23:48:57 2014
elapsed time: 188 seconds

